{"obj": {"type": "AssignString", "path": ["sys", "name"], "value": "Untitled"}, "version": 1}
{"obj": {"type": "AssignString", "path": ["sys", "description"], "value": ""}, "version": 2}
{"obj": {"type": "AssignString", "path": ["sys", "hostname"], "value": "nipa2021-0837"}, "version": 3}
{"obj": {"type": "AssignBool", "path": ["sys", "failed"], "value": false}, "version": 4}
{"obj": {"type": "ClearStringLog", "path": ["monitoring", "stdout"]}, "version": 5}
{"obj": {"type": "ClearStringLog", "path": ["monitoring", "stderr"]}, "version": 6}
{"obj": {"type": "AssignString", "path": ["source_code", "entrypoint"], "value": "quant_task_glue.py"}, "version": 7}
{"obj": {"type": "UploadFileSet", "path": ["source_code", "files"], "file_globs": ["/home/ms/workspace/git/TernaryBERT/quant_task_glue.py"], "reset": "False"}, "version": 8}
{"obj": {"type": "ConfigFloatSeries", "path": ["monitoring", "cpu"], "min": 0.0, "max": 100.0, "unit": "%"}, "version": 9}
{"obj": {"type": "ClearFloatLog", "path": ["monitoring", "cpu"]}, "version": 10}
{"obj": {"type": "ConfigFloatSeries", "path": ["monitoring", "memory"], "min": 0.0, "max": 125.91951751708984, "unit": "GB"}, "version": 11}
{"obj": {"type": "ClearFloatLog", "path": ["monitoring", "memory"]}, "version": 12}
{"obj": {"type": "ConfigFloatSeries", "path": ["monitoring", "gpu"], "min": 0.0, "max": 100.0, "unit": "%"}, "version": 13}
{"obj": {"type": "ClearFloatLog", "path": ["monitoring", "gpu"]}, "version": 14}
{"obj": {"type": "ConfigFloatSeries", "path": ["monitoring", "gpu_memory"], "min": 0.0, "max": 31.71923828125, "unit": "GB"}, "version": 15}
{"obj": {"type": "ClearFloatLog", "path": ["monitoring", "gpu_memory"]}, "version": 16}
{"obj": {"type": "LogFloats", "path": ["monitoring", "cpu"], "values": [{"value": 3.0, "step": null, "ts": 1633596662.5722756}]}, "version": 17}
{"obj": {"type": "LogFloats", "path": ["monitoring", "memory"], "values": [{"value": 2.442310333251953, "step": null, "ts": 1633596662.5722756}]}, "version": 18}
{"obj": {"type": "LogFloats", "path": ["monitoring", "gpu_memory"], "values": [{"value": 0.0001220703125, "step": null, "ts": 1633596662.5722756}]}, "version": 19}
{"obj": {"type": "LogStrings", "path": ["monitoring", "stdout"], "values": [{"value": "", "step": null, "ts": 1633596662.6916146}]}, "version": 20}
{"obj": {"type": "LogStrings", "path": ["monitoring", "stdout"], "values": [{"value": "https://app.neptune.ai/niceball0827/Ternary/e/TER-1\n", "step": null, "ts": 1633596662.6924114}]}, "version": 21}
{"obj": {"type": "LogFloats", "path": ["monitoring", "cpu"], "values": [{"value": 2.4, "step": null, "ts": 1633596672.5754623}]}, "version": 22}
{"obj": {"type": "LogFloats", "path": ["monitoring", "memory"], "values": [{"value": 2.4473800659179688, "step": null, "ts": 1633596672.5754623}]}, "version": 23}
{"obj": {"type": "LogFloats", "path": ["monitoring", "gpu_memory"], "values": [{"value": 0.0001220703125, "step": null, "ts": 1633596672.5754623}]}, "version": 24}
{"obj": {"type": "LogStrings", "path": ["monitoring", "traceback"], "values": [{"value": "An uncaught exception occurred while run was active on worker nipa2021-0837.", "step": null, "ts": 1633596675.6610842}, {"value": "Marking run as failed", "step": null, "ts": 1633596675.6610842}, {"value": "Traceback:", "step": null, "ts": 1633596675.6610842}, {"value": "  File \"quant_task_glue.py\", line 545, in <module>\n    main()\n", "step": null, "ts": 1633596675.6610842}, {"value": "  File \"quant_task_glue.py\", line 175, in main\n    tb_dir = os.path.join(args.output_dir, \"Tensorboard\", args.task_name)\n", "step": null, "ts": 1633596675.6610842}, {"value": "  File \"quant_task_glue.py\", line 175, in main\n    tb_dir = os.path.join(args.output_dir, \"Tensorboard\", args.task_name)\n", "step": null, "ts": 1633596675.6610842}, {"value": "  File \"/home/ms/anaconda3/envs/deep/lib/python3.6/bdb.py\", line 51, in trace_dispatch\n    return self.dispatch_line(frame)\n", "step": null, "ts": 1633596675.6610842}, {"value": "  File \"/home/ms/anaconda3/envs/deep/lib/python3.6/bdb.py\", line 70, in dispatch_line\n    if self.quitting: raise BdbQuit\n", "step": null, "ts": 1633596675.6610842}, {"value": "", "step": null, "ts": 1633596675.6610842}]}, "version": 25}
{"obj": {"type": "AssignBool", "path": ["sys", "failed"], "value": true}, "version": 26}
{"obj": {"type": "LogStrings", "path": ["monitoring", "stderr"], "values": [{"value": "Traceback (most recent call last):\n", "step": null, "ts": 1633596675.6614935}]}, "version": 27}
{"obj": {"type": "LogStrings", "path": ["monitoring", "stderr"], "values": [{"value": "  File \"quant_task_glue.py\", line 545, in <module>\n", "step": null, "ts": 1633596675.6616192}]}, "version": 28}
{"obj": {"type": "LogStrings", "path": ["monitoring", "stderr"], "values": [{"value": "    ", "step": null, "ts": 1633596675.6619222}]}, "version": 29}
{"obj": {"type": "LogStrings", "path": ["monitoring", "stderr"], "values": [{"value": "main()", "step": null, "ts": 1633596675.6620262}]}, "version": 30}
{"obj": {"type": "LogStrings", "path": ["monitoring", "stderr"], "values": [{"value": "\n", "step": null, "ts": 1633596675.662137}]}, "version": 31}
{"obj": {"type": "LogStrings", "path": ["monitoring", "stderr"], "values": [{"value": "  File \"quant_task_glue.py\", line 175, in main\n", "step": null, "ts": 1633596675.6622465}]}, "version": 32}
{"obj": {"type": "LogStrings", "path": ["monitoring", "stderr"], "values": [{"value": "    ", "step": null, "ts": 1633596675.6624207}]}, "version": 33}
{"obj": {"type": "LogStrings", "path": ["monitoring", "stderr"], "values": [{"value": "tb_dir = os.path.join(args.output_dir, \"Tensorboard\", args.task_name)", "step": null, "ts": 1633596675.662507}]}, "version": 34}
{"obj": {"type": "LogStrings", "path": ["monitoring", "stderr"], "values": [{"value": "\n", "step": null, "ts": 1633596675.6626074}]}, "version": 35}
{"obj": {"type": "LogStrings", "path": ["monitoring", "stderr"], "values": [{"value": "  File \"quant_task_glue.py\", line 175, in main\n", "step": null, "ts": 1633596675.662706}]}, "version": 36}
{"obj": {"type": "LogStrings", "path": ["monitoring", "stderr"], "values": [{"value": "    ", "step": null, "ts": 1633596675.6628804}]}, "version": 37}
{"obj": {"type": "LogStrings", "path": ["monitoring", "stderr"], "values": [{"value": "tb_dir = os.path.join(args.output_dir, \"Tensorboard\", args.task_name)", "step": null, "ts": 1633596675.6629665}]}, "version": 38}
{"obj": {"type": "LogStrings", "path": ["monitoring", "stderr"], "values": [{"value": "\n", "step": null, "ts": 1633596675.663063}]}, "version": 39}
{"obj": {"type": "LogStrings", "path": ["monitoring", "stderr"], "values": [{"value": "  File \"/home/ms/anaconda3/envs/deep/lib/python3.6/bdb.py\", line 51, in trace_dispatch\n", "step": null, "ts": 1633596675.66316}]}, "version": 40}
{"obj": {"type": "LogStrings", "path": ["monitoring", "stderr"], "values": [{"value": "    ", "step": null, "ts": 1633596675.6633031}]}, "version": 41}
{"obj": {"type": "LogStrings", "path": ["monitoring", "stderr"], "values": [{"value": "return self.dispatch_line(frame)", "step": null, "ts": 1633596675.6633909}]}, "version": 42}
{"obj": {"type": "LogStrings", "path": ["monitoring", "stderr"], "values": [{"value": "\n", "step": null, "ts": 1633596675.663491}]}, "version": 43}
{"obj": {"type": "LogStrings", "path": ["monitoring", "stderr"], "values": [{"value": "  File \"/home/ms/anaconda3/envs/deep/lib/python3.6/bdb.py\", line 70, in dispatch_line\n", "step": null, "ts": 1633596675.6635947}]}, "version": 44}
{"obj": {"type": "LogStrings", "path": ["monitoring", "stderr"], "values": [{"value": "    ", "step": null, "ts": 1633596675.6637383}]}, "version": 45}
{"obj": {"type": "LogStrings", "path": ["monitoring", "stderr"], "values": [{"value": "if self.quitting: raise BdbQuit", "step": null, "ts": 1633596675.6638188}]}, "version": 46}
{"obj": {"type": "LogStrings", "path": ["monitoring", "stderr"], "values": [{"value": "\n", "step": null, "ts": 1633596675.6639442}]}, "version": 47}
{"obj": {"type": "LogStrings", "path": ["monitoring", "stderr"], "values": [{"value": "bdb", "step": null, "ts": 1633596675.6640296}]}, "version": 48}
{"obj": {"type": "LogStrings", "path": ["monitoring", "stderr"], "values": [{"value": ".", "step": null, "ts": 1633596675.664105}]}, "version": 49}
{"obj": {"type": "LogStrings", "path": ["monitoring", "stderr"], "values": [{"value": "BdbQuit", "step": null, "ts": 1633596675.6641777}]}, "version": 50}
{"obj": {"type": "LogStrings", "path": ["monitoring", "stderr"], "values": [{"value": "", "step": null, "ts": 1633596675.6642513}]}, "version": 51}
{"obj": {"type": "LogStrings", "path": ["monitoring", "stderr"], "values": [{"value": "\n", "step": null, "ts": 1633596675.6643429}]}, "version": 52}
{"obj": {"type": "LogStrings", "path": ["monitoring", "stdout"], "values": [{"value": "Shutting down background jobs, please wait a moment...\n", "step": null, "ts": 1633596675.6645694}]}, "version": 53}
