{"obj": {"type": "AssignString", "path": ["sys", "name"], "value": "Untitled"}, "version": 1}
{"obj": {"type": "AssignString", "path": ["sys", "description"], "value": ""}, "version": 2}
{"obj": {"type": "AssignString", "path": ["sys", "hostname"], "value": "nipa2021-0837"}, "version": 3}
{"obj": {"type": "AssignBool", "path": ["sys", "failed"], "value": false}, "version": 4}
{"obj": {"type": "ClearStringLog", "path": ["monitoring", "stdout"]}, "version": 5}
{"obj": {"type": "ClearStringLog", "path": ["monitoring", "stderr"]}, "version": 6}
{"obj": {"type": "AssignString", "path": ["source_code", "entrypoint"], "value": "quant_task_glue.py"}, "version": 7}
{"obj": {"type": "UploadFileSet", "path": ["source_code", "files"], "file_globs": ["/home/ms/workspace/git/TernaryBERT/quant_task_glue.py"], "reset": "False"}, "version": 8}
{"obj": {"type": "ConfigFloatSeries", "path": ["monitoring", "cpu"], "min": 0.0, "max": 100.0, "unit": "%"}, "version": 9}
{"obj": {"type": "ClearFloatLog", "path": ["monitoring", "cpu"]}, "version": 10}
{"obj": {"type": "ConfigFloatSeries", "path": ["monitoring", "memory"], "min": 0.0, "max": 125.91951751708984, "unit": "GB"}, "version": 11}
{"obj": {"type": "ClearFloatLog", "path": ["monitoring", "memory"]}, "version": 12}
{"obj": {"type": "ConfigFloatSeries", "path": ["monitoring", "gpu"], "min": 0.0, "max": 100.0, "unit": "%"}, "version": 13}
{"obj": {"type": "ClearFloatLog", "path": ["monitoring", "gpu"]}, "version": 14}
{"obj": {"type": "ConfigFloatSeries", "path": ["monitoring", "gpu_memory"], "min": 0.0, "max": 31.71923828125, "unit": "GB"}, "version": 15}
{"obj": {"type": "ClearFloatLog", "path": ["monitoring", "gpu_memory"]}, "version": 16}
{"obj": {"type": "LogFloats", "path": ["monitoring", "cpu"], "values": [{"value": 4.0, "step": null, "ts": 1633763303.6855948}]}, "version": 17}
{"obj": {"type": "LogFloats", "path": ["monitoring", "memory"], "values": [{"value": 2.3925552368164062, "step": null, "ts": 1633763303.6855948}]}, "version": 18}
{"obj": {"type": "LogFloats", "path": ["monitoring", "gpu_memory"], "values": [{"value": 0.0001220703125, "step": null, "ts": 1633763303.6855948}]}, "version": 19}
{"obj": {"type": "LogStrings", "path": ["monitoring", "stdout"], "values": [{"value": "", "step": null, "ts": 1633763303.6906443}]}, "version": 20}
{"obj": {"type": "LogStrings", "path": ["monitoring", "stdout"], "values": [{"value": "https://app.neptune.ai/niceball0827/Ternary/e/TER-11\n", "step": null, "ts": 1633763303.6913476}]}, "version": 21}
{"obj": {"type": "LogFloats", "path": ["monitoring", "cpu"], "values": [{"value": 9.1, "step": null, "ts": 1633763313.6874948}]}, "version": 22}
{"obj": {"type": "LogFloats", "path": ["monitoring", "memory"], "values": [{"value": 5.588043212890625, "step": null, "ts": 1633763313.6874948}]}, "version": 23}
{"obj": {"type": "LogFloats", "path": ["monitoring", "gpu"], "values": [{"value": 4.0, "step": null, "ts": 1633763313.6874948}]}, "version": 24}
{"obj": {"type": "LogFloats", "path": ["monitoring", "gpu_memory"], "values": [{"value": 1.0224609375, "step": null, "ts": 1633763313.6874948}]}, "version": 25}
{"obj": {"type": "LogStrings", "path": ["monitoring", "stdout"], "values": [{"value": "{'mcc': 0.6131894280886927, 'eval_loss': 1.4701009029804757}", "step": null, "ts": 1633763316.6028411}]}, "version": 26}
{"obj": {"type": "LogStrings", "path": ["monitoring", "stdout"], "values": [{"value": "\n", "step": null, "ts": 1633763316.6031334}]}, "version": 27}
{"obj": {"type": "LogStrings", "path": ["monitoring", "traceback"], "values": [{"value": "An uncaught exception occurred while run was active on worker nipa2021-0837.", "step": null, "ts": 1633763322.3280485}, {"value": "Marking run as failed", "step": null, "ts": 1633763322.3280485}, {"value": "Traceback:", "step": null, "ts": 1633763322.3280485}, {"value": "  File \"quant_task_glue.py\", line 606, in <module>\n    main()\n", "step": null, "ts": 1633763322.3280485}, {"value": "  File \"quant_task_glue.py\", line 458, in main\n    student_logits, student_atts, student_reps = student_model(input_ids, segment_ids, input_mask)\n", "step": null, "ts": 1633763322.3280485}, {"value": "  File \"/home/ms/anaconda3/envs/deep/lib/python3.6/site-packages/torch/nn/modules/module.py\", line 727, in _call_impl\n    result = self.forward(*input, **kwargs)\n", "step": null, "ts": 1633763322.3280485}, {"value": "  File \"/home/ms/workspace/git/TernaryBERT/transformer/modeling_quant.py\", line 420, in forward\n    encoded_layers, attention_scores, pooled_output = self.bert(input_ids, token_type_ids, attention_mask)\n", "step": null, "ts": 1633763322.3280485}, {"value": "  File \"/home/ms/anaconda3/envs/deep/lib/python3.6/site-packages/torch/nn/modules/module.py\", line 727, in _call_impl\n    result = self.forward(*input, **kwargs)\n", "step": null, "ts": 1633763322.3280485}, {"value": "  File \"/home/ms/workspace/git/TernaryBERT/transformer/modeling_quant.py\", line 402, in forward\n    extended_attention_mask)\n", "step": null, "ts": 1633763322.3280485}, {"value": "  File \"/home/ms/anaconda3/envs/deep/lib/python3.6/site-packages/torch/nn/modules/module.py\", line 727, in _call_impl\n    result = self.forward(*input, **kwargs)\n", "step": null, "ts": 1633763322.3280485}, {"value": "  File \"/home/ms/workspace/git/TernaryBERT/transformer/modeling_quant.py\", line 242, in forward\n    hidden_states, attention_mask)\n", "step": null, "ts": 1633763322.3280485}, {"value": "  File \"/home/ms/anaconda3/envs/deep/lib/python3.6/site-packages/torch/nn/modules/module.py\", line 727, in _call_impl\n    result = self.forward(*input, **kwargs)\n", "step": null, "ts": 1633763322.3280485}, {"value": "  File \"/home/ms/workspace/git/TernaryBERT/transformer/modeling_quant.py\", line 224, in forward\n    hidden_states, attention_mask)\n", "step": null, "ts": 1633763322.3280485}, {"value": "  File \"/home/ms/anaconda3/envs/deep/lib/python3.6/site-packages/torch/nn/modules/module.py\", line 727, in _call_impl\n    result = self.forward(*input, **kwargs)\n", "step": null, "ts": 1633763322.3280485}, {"value": "  File \"/home/ms/workspace/git/TernaryBERT/transformer/modeling_quant.py\", line 156, in forward\n    self_output, layer_att = self.self(input_tensor, attention_mask)\n", "step": null, "ts": 1633763322.3280485}, {"value": "  File \"/home/ms/anaconda3/envs/deep/lib/python3.6/site-packages/torch/nn/modules/module.py\", line 727, in _call_impl\n    result = self.forward(*input, **kwargs)\n", "step": null, "ts": 1633763322.3280485}, {"value": "  File \"/home/ms/workspace/git/TernaryBERT/transformer/modeling_quant.py\", line 119, in forward\n    mixed_query_layer = self.query(hidden_states)\n", "step": null, "ts": 1633763322.3280485}, {"value": "  File \"/home/ms/anaconda3/envs/deep/lib/python3.6/site-packages/torch/nn/modules/module.py\", line 727, in _call_impl\n    result = self.forward(*input, **kwargs)\n", "step": null, "ts": 1633763322.3280485}, {"value": "  File \"/home/ms/workspace/git/TernaryBERT/transformer/utils_quant.py\", line 178, in forward\n    input = self.act_quantizer.apply(input, self.act_clip_val, self.input_bits, True)\n", "step": null, "ts": 1633763322.3280485}, {"value": "  File \"/home/ms/anaconda3/envs/deep/lib/python3.6/site-packages/torch/nn/modules/module.py\", line 779, in __getattr__\n    type(self).__name__, name))\n", "step": null, "ts": 1633763322.3280485}, {"value": "'QuantizeLinear' object has no attribute 'act_quantizer'", "step": null, "ts": 1633763322.3280485}]}, "version": 28}
{"obj": {"type": "AssignBool", "path": ["sys", "failed"], "value": true}, "version": 29}
{"obj": {"type": "LogStrings", "path": ["monitoring", "stderr"], "values": [{"value": "Traceback (most recent call last):\n", "step": null, "ts": 1633763322.3287098}]}, "version": 30}
{"obj": {"type": "LogStrings", "path": ["monitoring", "stderr"], "values": [{"value": "  File \"quant_task_glue.py\", line 606, in <module>\n", "step": null, "ts": 1633763322.3290048}]}, "version": 31}
{"obj": {"type": "LogStrings", "path": ["monitoring", "stderr"], "values": [{"value": "    ", "step": null, "ts": 1633763322.3293333}]}, "version": 32}
{"obj": {"type": "LogStrings", "path": ["monitoring", "stderr"], "values": [{"value": "main()", "step": null, "ts": 1633763322.3294375}]}, "version": 33}
{"obj": {"type": "LogStrings", "path": ["monitoring", "stderr"], "values": [{"value": "\n", "step": null, "ts": 1633763322.3296945}]}, "version": 34}
{"obj": {"type": "LogStrings", "path": ["monitoring", "stderr"], "values": [{"value": "  File \"quant_task_glue.py\", line 458, in main\n", "step": null, "ts": 1633763322.329953}]}, "version": 35}
{"obj": {"type": "LogStrings", "path": ["monitoring", "stderr"], "values": [{"value": "    ", "step": null, "ts": 1633763322.3302248}]}, "version": 36}
{"obj": {"type": "LogStrings", "path": ["monitoring", "stderr"], "values": [{"value": "student_logits, student_atts, student_reps = student_model(input_ids, segment_ids, input_mask)", "step": null, "ts": 1633763322.3303201}]}, "version": 37}
{"obj": {"type": "LogStrings", "path": ["monitoring", "stderr"], "values": [{"value": "\n", "step": null, "ts": 1633763322.3306012}]}, "version": 38}
{"obj": {"type": "LogStrings", "path": ["monitoring", "stderr"], "values": [{"value": "  File \"/home/ms/anaconda3/envs/deep/lib/python3.6/site-packages/torch/nn/modules/module.py\", line 727, in _call_impl\n", "step": null, "ts": 1633763322.3308828}]}, "version": 39}
{"obj": {"type": "LogStrings", "path": ["monitoring", "stderr"], "values": [{"value": "    ", "step": null, "ts": 1633763322.3311927}]}, "version": 40}
{"obj": {"type": "LogStrings", "path": ["monitoring", "stderr"], "values": [{"value": "result = self.forward(*input, **kwargs)", "step": null, "ts": 1633763322.3312964}]}, "version": 41}
{"obj": {"type": "LogStrings", "path": ["monitoring", "stderr"], "values": [{"value": "\n", "step": null, "ts": 1633763322.331555}]}, "version": 42}
{"obj": {"type": "LogStrings", "path": ["monitoring", "stderr"], "values": [{"value": "  File \"/home/ms/workspace/git/TernaryBERT/transformer/modeling_quant.py\", line 420, in forward\n", "step": null, "ts": 1633763322.3318515}]}, "version": 43}
{"obj": {"type": "LogStrings", "path": ["monitoring", "stderr"], "values": [{"value": "    ", "step": null, "ts": 1633763322.3321176}]}, "version": 44}
{"obj": {"type": "LogStrings", "path": ["monitoring", "stderr"], "values": [{"value": "encoded_layers, attention_scores, pooled_output = self.bert(input_ids, token_type_ids, attention_mask)", "step": null, "ts": 1633763322.332211}]}, "version": 45}
{"obj": {"type": "LogStrings", "path": ["monitoring", "stderr"], "values": [{"value": "\n", "step": null, "ts": 1633763322.3324835}]}, "version": 46}
{"obj": {"type": "LogStrings", "path": ["monitoring", "stderr"], "values": [{"value": "  File \"/home/ms/anaconda3/envs/deep/lib/python3.6/site-packages/torch/nn/modules/module.py\", line 727, in _call_impl\n", "step": null, "ts": 1633763322.332784}]}, "version": 47}
{"obj": {"type": "LogStrings", "path": ["monitoring", "stderr"], "values": [{"value": "    ", "step": null, "ts": 1633763322.3330932}]}, "version": 48}
{"obj": {"type": "LogStrings", "path": ["monitoring", "stderr"], "values": [{"value": "result = self.forward(*input, **kwargs)", "step": null, "ts": 1633763322.3331876}]}, "version": 49}
{"obj": {"type": "LogStrings", "path": ["monitoring", "stderr"], "values": [{"value": "\n", "step": null, "ts": 1633763322.3334122}]}, "version": 50}
{"obj": {"type": "LogStrings", "path": ["monitoring", "stderr"], "values": [{"value": "  File \"/home/ms/workspace/git/TernaryBERT/transformer/modeling_quant.py\", line 402, in forward\n", "step": null, "ts": 1633763322.3336859}]}, "version": 51}
{"obj": {"type": "LogStrings", "path": ["monitoring", "stderr"], "values": [{"value": "    ", "step": null, "ts": 1633763322.3339677}]}, "version": 52}
{"obj": {"type": "LogStrings", "path": ["monitoring", "stderr"], "values": [{"value": "extended_attention_mask)", "step": null, "ts": 1633763322.334063}]}, "version": 53}
{"obj": {"type": "LogStrings", "path": ["monitoring", "stderr"], "values": [{"value": "\n", "step": null, "ts": 1633763322.3343015}]}, "version": 54}
{"obj": {"type": "LogStrings", "path": ["monitoring", "stderr"], "values": [{"value": "  File \"/home/ms/anaconda3/envs/deep/lib/python3.6/site-packages/torch/nn/modules/module.py\", line 727, in _call_impl\n", "step": null, "ts": 1633763322.334574}]}, "version": 55}
{"obj": {"type": "LogStrings", "path": ["monitoring", "stderr"], "values": [{"value": "    ", "step": null, "ts": 1633763322.3348818}]}, "version": 56}
{"obj": {"type": "LogStrings", "path": ["monitoring", "stderr"], "values": [{"value": "result = self.forward(*input, **kwargs)", "step": null, "ts": 1633763322.334973}]}, "version": 57}
{"obj": {"type": "LogStrings", "path": ["monitoring", "stderr"], "values": [{"value": "\n", "step": null, "ts": 1633763322.3351982}]}, "version": 58}
{"obj": {"type": "LogStrings", "path": ["monitoring", "stderr"], "values": [{"value": "  File \"/home/ms/workspace/git/TernaryBERT/transformer/modeling_quant.py\", line 242, in forward\n", "step": null, "ts": 1633763322.3354526}]}, "version": 59}
{"obj": {"type": "LogStrings", "path": ["monitoring", "stderr"], "values": [{"value": "    ", "step": null, "ts": 1633763322.3356962}]}, "version": 60}
{"obj": {"type": "LogStrings", "path": ["monitoring", "stderr"], "values": [{"value": "hidden_states, attention_mask)", "step": null, "ts": 1633763322.335791}]}, "version": 61}
{"obj": {"type": "LogStrings", "path": ["monitoring", "stderr"], "values": [{"value": "\n", "step": null, "ts": 1633763322.3360431}]}, "version": 62}
{"obj": {"type": "LogStrings", "path": ["monitoring", "stderr"], "values": [{"value": "  File \"/home/ms/anaconda3/envs/deep/lib/python3.6/site-packages/torch/nn/modules/module.py\", line 727, in _call_impl\n", "step": null, "ts": 1633763322.336319}]}, "version": 63}
{"obj": {"type": "LogStrings", "path": ["monitoring", "stderr"], "values": [{"value": "    ", "step": null, "ts": 1633763322.3366442}]}, "version": 64}
{"obj": {"type": "LogStrings", "path": ["monitoring", "stderr"], "values": [{"value": "result = self.forward(*input, **kwargs)", "step": null, "ts": 1633763322.336742}]}, "version": 65}
{"obj": {"type": "LogStrings", "path": ["monitoring", "stderr"], "values": [{"value": "\n", "step": null, "ts": 1633763322.336987}]}, "version": 66}
{"obj": {"type": "LogStrings", "path": ["monitoring", "stderr"], "values": [{"value": "  File \"/home/ms/workspace/git/TernaryBERT/transformer/modeling_quant.py\", line 224, in forward\n", "step": null, "ts": 1633763322.3372693}]}, "version": 67}
{"obj": {"type": "LogStrings", "path": ["monitoring", "stderr"], "values": [{"value": "    ", "step": null, "ts": 1633763322.3374891}]}, "version": 68}
{"obj": {"type": "LogStrings", "path": ["monitoring", "stderr"], "values": [{"value": "hidden_states, attention_mask)", "step": null, "ts": 1633763322.3375936}]}, "version": 69}
{"obj": {"type": "LogStrings", "path": ["monitoring", "stderr"], "values": [{"value": "\n", "step": null, "ts": 1633763322.33783}]}, "version": 70}
{"obj": {"type": "LogStrings", "path": ["monitoring", "stderr"], "values": [{"value": "  File \"/home/ms/anaconda3/envs/deep/lib/python3.6/site-packages/torch/nn/modules/module.py\", line 727, in _call_impl\n", "step": null, "ts": 1633763322.3381035}]}, "version": 71}
{"obj": {"type": "LogStrings", "path": ["monitoring", "stderr"], "values": [{"value": "    ", "step": null, "ts": 1633763322.338408}]}, "version": 72}
{"obj": {"type": "LogStrings", "path": ["monitoring", "stderr"], "values": [{"value": "result = self.forward(*input, **kwargs)", "step": null, "ts": 1633763322.3385003}]}, "version": 73}
{"obj": {"type": "LogStrings", "path": ["monitoring", "stderr"], "values": [{"value": "\n", "step": null, "ts": 1633763322.3387613}]}, "version": 74}
{"obj": {"type": "LogStrings", "path": ["monitoring", "stderr"], "values": [{"value": "  File \"/home/ms/workspace/git/TernaryBERT/transformer/modeling_quant.py\", line 156, in forward\n", "step": null, "ts": 1633763322.3390367}]}, "version": 75}
{"obj": {"type": "LogStrings", "path": ["monitoring", "stderr"], "values": [{"value": "    ", "step": null, "ts": 1633763322.3392365}]}, "version": 76}
{"obj": {"type": "LogStrings", "path": ["monitoring", "stderr"], "values": [{"value": "self_output, layer_att = self.self(input_tensor, attention_mask)", "step": null, "ts": 1633763322.3393285}]}, "version": 77}
{"obj": {"type": "LogStrings", "path": ["monitoring", "stderr"], "values": [{"value": "\n", "step": null, "ts": 1633763322.3395722}]}, "version": 78}
{"obj": {"type": "LogStrings", "path": ["monitoring", "stderr"], "values": [{"value": "  File \"/home/ms/anaconda3/envs/deep/lib/python3.6/site-packages/torch/nn/modules/module.py\", line 727, in _call_impl\n", "step": null, "ts": 1633763322.3398504}]}, "version": 79}
{"obj": {"type": "LogStrings", "path": ["monitoring", "stderr"], "values": [{"value": "    ", "step": null, "ts": 1633763322.340157}]}, "version": 80}
{"obj": {"type": "LogStrings", "path": ["monitoring", "stderr"], "values": [{"value": "result = self.forward(*input, **kwargs)", "step": null, "ts": 1633763322.3402512}]}, "version": 81}
{"obj": {"type": "LogStrings", "path": ["monitoring", "stderr"], "values": [{"value": "\n", "step": null, "ts": 1633763322.3404787}]}, "version": 82}
{"obj": {"type": "LogStrings", "path": ["monitoring", "stderr"], "values": [{"value": "  File \"/home/ms/workspace/git/TernaryBERT/transformer/modeling_quant.py\", line 119, in forward\n", "step": null, "ts": 1633763322.340759}]}, "version": 83}
{"obj": {"type": "LogStrings", "path": ["monitoring", "stderr"], "values": [{"value": "    ", "step": null, "ts": 1633763322.3409538}]}, "version": 84}
{"obj": {"type": "LogStrings", "path": ["monitoring", "stderr"], "values": [{"value": "mixed_query_layer = self.query(hidden_states)", "step": null, "ts": 1633763322.3410435}]}, "version": 85}
{"obj": {"type": "LogStrings", "path": ["monitoring", "stderr"], "values": [{"value": "\n", "step": null, "ts": 1633763322.341293}]}, "version": 86}
{"obj": {"type": "LogStrings", "path": ["monitoring", "stderr"], "values": [{"value": "  File \"/home/ms/anaconda3/envs/deep/lib/python3.6/site-packages/torch/nn/modules/module.py\", line 727, in _call_impl\n", "step": null, "ts": 1633763322.3415754}]}, "version": 87}
{"obj": {"type": "LogStrings", "path": ["monitoring", "stderr"], "values": [{"value": "    ", "step": null, "ts": 1633763322.3418834}]}, "version": 88}
{"obj": {"type": "LogStrings", "path": ["monitoring", "stderr"], "values": [{"value": "result = self.forward(*input, **kwargs)", "step": null, "ts": 1633763322.3419747}]}, "version": 89}
{"obj": {"type": "LogStrings", "path": ["monitoring", "stderr"], "values": [{"value": "\n", "step": null, "ts": 1633763322.3422232}]}, "version": 90}
{"obj": {"type": "LogStrings", "path": ["monitoring", "stderr"], "values": [{"value": "  File \"/home/ms/workspace/git/TernaryBERT/transformer/utils_quant.py\", line 178, in forward\n", "step": null, "ts": 1633763322.3424993}]}, "version": 91}
{"obj": {"type": "LogStrings", "path": ["monitoring", "stderr"], "values": [{"value": "    ", "step": null, "ts": 1633763322.3427079}]}, "version": 92}
{"obj": {"type": "LogStrings", "path": ["monitoring", "stderr"], "values": [{"value": "input = self.act_quantizer.apply(input, self.act_clip_val, self.input_bits, True)", "step": null, "ts": 1633763322.342798}]}, "version": 93}
{"obj": {"type": "LogStrings", "path": ["monitoring", "stderr"], "values": [{"value": "\n", "step": null, "ts": 1633763322.3430643}]}, "version": 94}
{"obj": {"type": "LogStrings", "path": ["monitoring", "stderr"], "values": [{"value": "  File \"/home/ms/anaconda3/envs/deep/lib/python3.6/site-packages/torch/nn/modules/module.py\", line 779, in __getattr__\n", "step": null, "ts": 1633763322.3433385}]}, "version": 95}
{"obj": {"type": "LogStrings", "path": ["monitoring", "stderr"], "values": [{"value": "    ", "step": null, "ts": 1633763322.343688}]}, "version": 96}
{"obj": {"type": "LogStrings", "path": ["monitoring", "stderr"], "values": [{"value": "type(self).__name__, name))", "step": null, "ts": 1633763322.3437858}]}, "version": 97}
{"obj": {"type": "LogStrings", "path": ["monitoring", "stderr"], "values": [{"value": "\n", "step": null, "ts": 1633763322.344041}]}, "version": 98}
{"obj": {"type": "LogStrings", "path": ["monitoring", "stderr"], "values": [{"value": "torch.nn.modules.module", "step": null, "ts": 1633763322.3441532}]}, "version": 99}
{"obj": {"type": "LogStrings", "path": ["monitoring", "stderr"], "values": [{"value": ".", "step": null, "ts": 1633763322.344234}]}, "version": 100}
{"obj": {"type": "LogStrings", "path": ["monitoring", "stderr"], "values": [{"value": "ModuleAttributeError", "step": null, "ts": 1633763322.3448157}]}, "version": 101}
{"obj": {"type": "LogStrings", "path": ["monitoring", "stderr"], "values": [{"value": ": ", "step": null, "ts": 1633763322.3449051}]}, "version": 102}
{"obj": {"type": "LogStrings", "path": ["monitoring", "stderr"], "values": [{"value": "'QuantizeLinear' object has no attribute 'act_quantizer'", "step": null, "ts": 1633763322.344981}]}, "version": 103}
{"obj": {"type": "LogStrings", "path": ["monitoring", "stderr"], "values": [{"value": "\n", "step": null, "ts": 1633763322.3452432}]}, "version": 104}
{"obj": {"type": "LogStrings", "path": ["monitoring", "stdout"], "values": [{"value": "Shutting down background jobs, please wait a moment...\n", "step": null, "ts": 1633763322.3455858}]}, "version": 105}
