{"obj": {"type": "AssignString", "path": ["sys", "name"], "value": "Untitled"}, "version": 1}
{"obj": {"type": "AssignString", "path": ["sys", "description"], "value": ""}, "version": 2}
{"obj": {"type": "AssignString", "path": ["sys", "hostname"], "value": "nipa2021-0837"}, "version": 3}
{"obj": {"type": "AssignBool", "path": ["sys", "failed"], "value": false}, "version": 4}
{"obj": {"type": "ClearStringLog", "path": ["monitoring", "stdout"]}, "version": 5}
{"obj": {"type": "ClearStringLog", "path": ["monitoring", "stderr"]}, "version": 6}
{"obj": {"type": "AssignString", "path": ["source_code", "entrypoint"], "value": "quant_task_glue.py"}, "version": 7}
{"obj": {"type": "UploadFileSet", "path": ["source_code", "files"], "file_globs": ["/home/ms/workspace/git/TernaryBERT/quant_task_glue.py"], "reset": "False"}, "version": 8}
{"obj": {"type": "ConfigFloatSeries", "path": ["monitoring", "cpu"], "min": 0.0, "max": 100.0, "unit": "%"}, "version": 9}
{"obj": {"type": "ClearFloatLog", "path": ["monitoring", "cpu"]}, "version": 10}
{"obj": {"type": "ConfigFloatSeries", "path": ["monitoring", "memory"], "min": 0.0, "max": 125.91951751708984, "unit": "GB"}, "version": 11}
{"obj": {"type": "ClearFloatLog", "path": ["monitoring", "memory"]}, "version": 12}
{"obj": {"type": "ConfigFloatSeries", "path": ["monitoring", "gpu"], "min": 0.0, "max": 100.0, "unit": "%"}, "version": 13}
{"obj": {"type": "ClearFloatLog", "path": ["monitoring", "gpu"]}, "version": 14}
{"obj": {"type": "ConfigFloatSeries", "path": ["monitoring", "gpu_memory"], "min": 0.0, "max": 31.71923828125, "unit": "GB"}, "version": 15}
{"obj": {"type": "ClearFloatLog", "path": ["monitoring", "gpu_memory"]}, "version": 16}
{"obj": {"type": "LogFloats", "path": ["monitoring", "cpu"], "values": [{"value": 3.6, "step": null, "ts": 1633762166.3130972}]}, "version": 17}
{"obj": {"type": "LogFloats", "path": ["monitoring", "memory"], "values": [{"value": 2.4038238525390625, "step": null, "ts": 1633762166.3130972}]}, "version": 18}
{"obj": {"type": "LogFloats", "path": ["monitoring", "gpu_memory"], "values": [{"value": 0.0001220703125, "step": null, "ts": 1633762166.3130972}]}, "version": 19}
{"obj": {"type": "LogStrings", "path": ["monitoring", "stdout"], "values": [{"value": "", "step": null, "ts": 1633762166.3192363}]}, "version": 20}
{"obj": {"type": "LogStrings", "path": ["monitoring", "stdout"], "values": [{"value": "https://app.neptune.ai/niceball0827/Ternary/e/TER-7\n", "step": null, "ts": 1633762166.3196065}]}, "version": 21}
{"obj": {"type": "LogFloats", "path": ["monitoring", "cpu"], "values": [{"value": 9.8, "step": null, "ts": 1633762176.3150206}]}, "version": 22}
{"obj": {"type": "LogFloats", "path": ["monitoring", "memory"], "values": [{"value": 5.5173797607421875, "step": null, "ts": 1633762176.3150206}]}, "version": 23}
{"obj": {"type": "LogFloats", "path": ["monitoring", "gpu"], "values": [{"value": 4.0, "step": null, "ts": 1633762176.3150206}]}, "version": 24}
{"obj": {"type": "LogFloats", "path": ["monitoring", "gpu_memory"], "values": [{"value": 1.0009765625, "step": null, "ts": 1633762176.3150206}]}, "version": 25}
{"obj": {"type": "LogStrings", "path": ["monitoring", "stdout"], "values": [{"value": "{'mcc': 0.6131894280886927, 'eval_loss': 1.4701009029804757}", "step": null, "ts": 1633762179.5401905}]}, "version": 26}
{"obj": {"type": "LogStrings", "path": ["monitoring", "stdout"], "values": [{"value": "\n", "step": null, "ts": 1633762179.5404918}]}, "version": 27}
{"obj": {"type": "LogStrings", "path": ["monitoring", "stdout"], "values": [{"value": "> /home/ms/workspace/git/TernaryBERT/transformer/modeling_quant.py(295)from_pretrained()\n-> if state_dict is None:", "step": null, "ts": 1633762179.544215}]}, "version": 28}
{"obj": {"type": "LogStrings", "path": ["monitoring", "stdout"], "values": [{"value": "\n", "step": null, "ts": 1633762179.5443938}]}, "version": 29}
{"obj": {"type": "LogStrings", "path": ["monitoring", "stdout"], "values": [{"value": "> /home/ms/workspace/git/TernaryBERT/transformer/modeling_quant.py(53)__init__()\n-> self.word_embeddings = QuantizeEmbedding(config.vocab_size, config.hidden_size, padding_idx = 0,config=config)", "step": null, "ts": 1633762183.1156662}]}, "version": 30}
{"obj": {"type": "LogStrings", "path": ["monitoring", "stdout"], "values": [{"value": "\n", "step": null, "ts": 1633762183.115903}]}, "version": 31}
{"obj": {"type": "LogStrings", "path": ["monitoring", "stdout"], "values": [{"value": "> /home/ms/workspace/git/TernaryBERT/transformer/modeling_quant.py(56)__init__()\n-> ", "step": null, "ts": 1633762183.9770768}]}, "version": 32}
{"obj": {"type": "LogStrings", "path": ["monitoring", "stdout"], "values": [{"value": "\n", "step": null, "ts": 1633762183.9772766}]}, "version": 33}
{"obj": {"type": "LogFloats", "path": ["monitoring", "cpu"], "values": [{"value": 3.3, "step": null, "ts": 1633762186.3175497}]}, "version": 34}
{"obj": {"type": "LogFloats", "path": ["monitoring", "memory"], "values": [{"value": 5.942089080810547, "step": null, "ts": 1633762186.3175497}]}, "version": 35}
{"obj": {"type": "LogFloats", "path": ["monitoring", "gpu_memory"], "values": [{"value": 1.9248046875, "step": null, "ts": 1633762186.3175497}]}, "version": 36}
{"obj": {"type": "LogStrings", "path": ["monitoring", "stdout"], "values": [{"value": "> /home/ms/workspace/git/TernaryBERT/transformer/modeling_quant.py(59)__init__()\n-> self.token_type_embeddings = nn.Embedding(config.type_vocab_size, config.hidden_size)", "step": null, "ts": 1633762187.4487789}]}, "version": 37}
{"obj": {"type": "LogStrings", "path": ["monitoring", "stdout"], "values": [{"value": "\n", "step": null, "ts": 1633762187.449067}]}, "version": 38}
{"obj": {"type": "LogStrings", "path": ["monitoring", "stdout"], "values": [{"value": "> /home/ms/workspace/git/TernaryBERT/transformer/modeling_quant.py(60)__init__()\n-> self.LayerNorm = nn.LayerNorm(config.hidden_size, eps=config.layer_norm_eps)", "step": null, "ts": 1633762188.2606337}]}, "version": 39}
{"obj": {"type": "LogStrings", "path": ["monitoring", "stdout"], "values": [{"value": "\n", "step": null, "ts": 1633762188.2608569}]}, "version": 40}
{"obj": {"type": "LogStrings", "path": ["monitoring", "stdout"], "values": [{"value": "BertEmbeddings(\n  (word_embeddings): Embedding(30522, 768)\n  (position_embeddings): Embedding(512, 768)\n)", "step": null, "ts": 1633762189.4574778}]}, "version": 41}
{"obj": {"type": "LogStrings", "path": ["monitoring", "stdout"], "values": [{"value": "\n", "step": null, "ts": 1633762189.4576926}]}, "version": 42}
{"obj": {"type": "LogStrings", "path": ["monitoring", "traceback"], "values": [{"value": "An uncaught exception occurred while run was active on worker nipa2021-0837.", "step": null, "ts": 1633762191.7895157}, {"value": "Marking run as failed", "step": null, "ts": 1633762191.7895157}, {"value": "Traceback:", "step": null, "ts": 1633762191.7895157}, {"value": "  File \"quant_task_glue.py\", line 603, in <module>\n    main()\n", "step": null, "ts": 1633762191.7895157}, {"value": "  File \"quant_task_glue.py\", line 407, in main\n    student_model = QuantBertForSequenceClassification.from_pretrained(args.student_model, config = student_config, num_labels=num_labels)\n", "step": null, "ts": 1633762191.7895157}, {"value": "  File \"/home/ms/workspace/git/TernaryBERT/transformer/modeling_quant.py\", line 295, in from_pretrained\n    weights_path = os.path.join(\n", "step": null, "ts": 1633762191.7895157}, {"value": "  File \"/home/ms/workspace/git/TernaryBERT/transformer/modeling_quant.py\", line 387, in __init__\n    self.classifier = nn.Linear(config.hidden_size, num_labels)\n", "step": null, "ts": 1633762191.7895157}, {"value": "  File \"/home/ms/workspace/git/TernaryBERT/transformer/modeling_quant.py\", line 359, in __init__\n    self.pooler = BertPooler(config)\n", "step": null, "ts": 1633762191.7895157}, {"value": "  File \"/home/ms/workspace/git/TernaryBERT/transformer/modeling_quant.py\", line 60, in __init__\n    self.LayerNorm = nn.LayerNorm(config.hidden_size, eps=config.layer_norm_eps)\n", "step": null, "ts": 1633762191.7895157}, {"value": "  File \"/home/ms/workspace/git/TernaryBERT/transformer/modeling_quant.py\", line 60, in __init__\n    self.LayerNorm = nn.LayerNorm(config.hidden_size, eps=config.layer_norm_eps)\n", "step": null, "ts": 1633762191.7895157}, {"value": "  File \"/home/ms/anaconda3/envs/deep/lib/python3.6/bdb.py\", line 51, in trace_dispatch\n    return self.dispatch_line(frame)\n", "step": null, "ts": 1633762191.7895157}, {"value": "  File \"/home/ms/anaconda3/envs/deep/lib/python3.6/bdb.py\", line 70, in dispatch_line\n    if self.quitting: raise BdbQuit\n", "step": null, "ts": 1633762191.7895157}, {"value": "", "step": null, "ts": 1633762191.7895157}]}, "version": 43}
{"obj": {"type": "AssignBool", "path": ["sys", "failed"], "value": true}, "version": 44}
{"obj": {"type": "LogStrings", "path": ["monitoring", "stderr"], "values": [{"value": "Traceback (most recent call last):\n", "step": null, "ts": 1633762191.7899296}]}, "version": 45}
{"obj": {"type": "LogStrings", "path": ["monitoring", "stderr"], "values": [{"value": "  File \"quant_task_glue.py\", line 603, in <module>\n", "step": null, "ts": 1633762191.7900426}]}, "version": 46}
{"obj": {"type": "LogStrings", "path": ["monitoring", "stderr"], "values": [{"value": "    ", "step": null, "ts": 1633762191.7903345}]}, "version": 47}
{"obj": {"type": "LogStrings", "path": ["monitoring", "stderr"], "values": [{"value": "main()", "step": null, "ts": 1633762191.7904303}]}, "version": 48}
{"obj": {"type": "LogStrings", "path": ["monitoring", "stderr"], "values": [{"value": "\n", "step": null, "ts": 1633762191.7905252}]}, "version": 49}
{"obj": {"type": "LogStrings", "path": ["monitoring", "stderr"], "values": [{"value": "  File \"quant_task_glue.py\", line 407, in main\n", "step": null, "ts": 1633762191.7906203}]}, "version": 50}
{"obj": {"type": "LogStrings", "path": ["monitoring", "stderr"], "values": [{"value": "    ", "step": null, "ts": 1633762191.7908387}]}, "version": 51}
{"obj": {"type": "LogStrings", "path": ["monitoring", "stderr"], "values": [{"value": "student_model = QuantBertForSequenceClassification.from_pretrained(args.student_model, config = student_config, num_labels=num_labels)", "step": null, "ts": 1633762191.7909372}]}, "version": 52}
{"obj": {"type": "LogStrings", "path": ["monitoring", "stderr"], "values": [{"value": "\n", "step": null, "ts": 1633762191.7910264}]}, "version": 53}
{"obj": {"type": "LogStrings", "path": ["monitoring", "stderr"], "values": [{"value": "  File \"/home/ms/workspace/git/TernaryBERT/transformer/modeling_quant.py\", line 295, in from_pretrained\n", "step": null, "ts": 1633762191.791115}]}, "version": 54}
{"obj": {"type": "LogStrings", "path": ["monitoring", "stderr"], "values": [{"value": "    ", "step": null, "ts": 1633762191.7913098}]}, "version": 55}
{"obj": {"type": "LogStrings", "path": ["monitoring", "stderr"], "values": [{"value": "weights_path = os.path.join(", "step": null, "ts": 1633762191.7913928}]}, "version": 56}
{"obj": {"type": "LogStrings", "path": ["monitoring", "stderr"], "values": [{"value": "\n", "step": null, "ts": 1633762191.7914772}]}, "version": 57}
{"obj": {"type": "LogStrings", "path": ["monitoring", "stderr"], "values": [{"value": "  File \"/home/ms/workspace/git/TernaryBERT/transformer/modeling_quant.py\", line 387, in __init__\n", "step": null, "ts": 1633762191.7915642}]}, "version": 58}
{"obj": {"type": "LogStrings", "path": ["monitoring", "stderr"], "values": [{"value": "    ", "step": null, "ts": 1633762191.7917717}]}, "version": 59}
{"obj": {"type": "LogStrings", "path": ["monitoring", "stderr"], "values": [{"value": "self.classifier = nn.Linear(config.hidden_size, num_labels)", "step": null, "ts": 1633762191.7918832}]}, "version": 60}
{"obj": {"type": "LogStrings", "path": ["monitoring", "stderr"], "values": [{"value": "\n", "step": null, "ts": 1633762191.7919786}]}, "version": 61}
{"obj": {"type": "LogStrings", "path": ["monitoring", "stderr"], "values": [{"value": "  File \"/home/ms/workspace/git/TernaryBERT/transformer/modeling_quant.py\", line 359, in __init__\n", "step": null, "ts": 1633762191.7920687}]}, "version": 62}
{"obj": {"type": "LogStrings", "path": ["monitoring", "stderr"], "values": [{"value": "    ", "step": null, "ts": 1633762191.7922688}]}, "version": 63}
{"obj": {"type": "LogStrings", "path": ["monitoring", "stderr"], "values": [{"value": "self.pooler = BertPooler(config)", "step": null, "ts": 1633762191.7923496}]}, "version": 64}
{"obj": {"type": "LogStrings", "path": ["monitoring", "stderr"], "values": [{"value": "\n", "step": null, "ts": 1633762191.7924354}]}, "version": 65}
{"obj": {"type": "LogStrings", "path": ["monitoring", "stderr"], "values": [{"value": "  File \"/home/ms/workspace/git/TernaryBERT/transformer/modeling_quant.py\", line 60, in __init__\n", "step": null, "ts": 1633762191.7925224}]}, "version": 66}
{"obj": {"type": "LogStrings", "path": ["monitoring", "stderr"], "values": [{"value": "    ", "step": null, "ts": 1633762191.792672}]}, "version": 67}
{"obj": {"type": "LogStrings", "path": ["monitoring", "stderr"], "values": [{"value": "self.LayerNorm = nn.LayerNorm(config.hidden_size, eps=config.layer_norm_eps)", "step": null, "ts": 1633762191.792751}]}, "version": 68}
{"obj": {"type": "LogStrings", "path": ["monitoring", "stderr"], "values": [{"value": "\n", "step": null, "ts": 1633762191.7928374}]}, "version": 69}
{"obj": {"type": "LogStrings", "path": ["monitoring", "stderr"], "values": [{"value": "  File \"/home/ms/workspace/git/TernaryBERT/transformer/modeling_quant.py\", line 60, in __init__\n", "step": null, "ts": 1633762191.7929385}]}, "version": 70}
{"obj": {"type": "LogStrings", "path": ["monitoring", "stderr"], "values": [{"value": "    ", "step": null, "ts": 1633762191.7930827}]}, "version": 71}
{"obj": {"type": "LogStrings", "path": ["monitoring", "stderr"], "values": [{"value": "self.LayerNorm = nn.LayerNorm(config.hidden_size, eps=config.layer_norm_eps)", "step": null, "ts": 1633762191.7931685}]}, "version": 72}
{"obj": {"type": "LogStrings", "path": ["monitoring", "stderr"], "values": [{"value": "\n", "step": null, "ts": 1633762191.7932549}]}, "version": 73}
{"obj": {"type": "LogStrings", "path": ["monitoring", "stderr"], "values": [{"value": "  File \"/home/ms/anaconda3/envs/deep/lib/python3.6/bdb.py\", line 51, in trace_dispatch\n", "step": null, "ts": 1633762191.7933414}]}, "version": 74}
{"obj": {"type": "LogStrings", "path": ["monitoring", "stderr"], "values": [{"value": "    ", "step": null, "ts": 1633762191.7935069}]}, "version": 75}
{"obj": {"type": "LogStrings", "path": ["monitoring", "stderr"], "values": [{"value": "return self.dispatch_line(frame)", "step": null, "ts": 1633762191.7935882}]}, "version": 76}
{"obj": {"type": "LogStrings", "path": ["monitoring", "stderr"], "values": [{"value": "\n", "step": null, "ts": 1633762191.793675}]}, "version": 77}
{"obj": {"type": "LogStrings", "path": ["monitoring", "stderr"], "values": [{"value": "  File \"/home/ms/anaconda3/envs/deep/lib/python3.6/bdb.py\", line 70, in dispatch_line\n", "step": null, "ts": 1633762191.7937622}]}, "version": 78}
{"obj": {"type": "LogStrings", "path": ["monitoring", "stderr"], "values": [{"value": "    ", "step": null, "ts": 1633762191.7939098}]}, "version": 79}
{"obj": {"type": "LogStrings", "path": ["monitoring", "stderr"], "values": [{"value": "if self.quitting: raise BdbQuit", "step": null, "ts": 1633762191.7939928}]}, "version": 80}
{"obj": {"type": "LogStrings", "path": ["monitoring", "stderr"], "values": [{"value": "\n", "step": null, "ts": 1633762191.794076}]}, "version": 81}
{"obj": {"type": "LogStrings", "path": ["monitoring", "stderr"], "values": [{"value": "bdb", "step": null, "ts": 1633762191.7941573}]}, "version": 82}
{"obj": {"type": "LogStrings", "path": ["monitoring", "stderr"], "values": [{"value": ".", "step": null, "ts": 1633762191.7942305}]}, "version": 83}
{"obj": {"type": "LogStrings", "path": ["monitoring", "stderr"], "values": [{"value": "BdbQuit", "step": null, "ts": 1633762191.7943025}]}, "version": 84}
{"obj": {"type": "LogStrings", "path": ["monitoring", "stderr"], "values": [{"value": "", "step": null, "ts": 1633762191.7943752}]}, "version": 85}
{"obj": {"type": "LogStrings", "path": ["monitoring", "stderr"], "values": [{"value": "\n", "step": null, "ts": 1633762191.7944615}]}, "version": 86}
{"obj": {"type": "LogStrings", "path": ["monitoring", "stdout"], "values": [{"value": "Shutting down background jobs, please wait a moment...\n", "step": null, "ts": 1633762191.7946663}]}, "version": 87}
