{"obj": {"type": "AssignString", "path": ["sys", "name"], "value": "Untitled"}, "version": 1}
{"obj": {"type": "AssignString", "path": ["sys", "description"], "value": ""}, "version": 2}
{"obj": {"type": "AssignString", "path": ["sys", "hostname"], "value": "nipa2021-0837"}, "version": 3}
{"obj": {"type": "AssignBool", "path": ["sys", "failed"], "value": false}, "version": 4}
{"obj": {"type": "ClearStringLog", "path": ["monitoring", "stdout"]}, "version": 5}
{"obj": {"type": "ClearStringLog", "path": ["monitoring", "stderr"]}, "version": 6}
{"obj": {"type": "AssignString", "path": ["source_code", "entrypoint"], "value": "quant_task_glue.py"}, "version": 7}
{"obj": {"type": "UploadFileSet", "path": ["source_code", "files"], "file_globs": ["/home/ms/workspace/git/TernaryBERT/quant_task_glue.py"], "reset": "False"}, "version": 8}
{"obj": {"type": "ConfigFloatSeries", "path": ["monitoring", "cpu"], "min": 0.0, "max": 100.0, "unit": "%"}, "version": 9}
{"obj": {"type": "ClearFloatLog", "path": ["monitoring", "cpu"]}, "version": 10}
{"obj": {"type": "ConfigFloatSeries", "path": ["monitoring", "memory"], "min": 0.0, "max": 125.91951751708984, "unit": "GB"}, "version": 11}
{"obj": {"type": "ClearFloatLog", "path": ["monitoring", "memory"]}, "version": 12}
{"obj": {"type": "ConfigFloatSeries", "path": ["monitoring", "gpu"], "min": 0.0, "max": 100.0, "unit": "%"}, "version": 13}
{"obj": {"type": "ClearFloatLog", "path": ["monitoring", "gpu"]}, "version": 14}
{"obj": {"type": "ConfigFloatSeries", "path": ["monitoring", "gpu_memory"], "min": 0.0, "max": 31.71923828125, "unit": "GB"}, "version": 15}
{"obj": {"type": "ClearFloatLog", "path": ["monitoring", "gpu_memory"]}, "version": 16}
{"obj": {"type": "LogFloats", "path": ["monitoring", "cpu"], "values": [{"value": 11.4, "step": null, "ts": 1633763323.116491}]}, "version": 17}
{"obj": {"type": "LogFloats", "path": ["monitoring", "memory"], "values": [{"value": 6.426151275634766, "step": null, "ts": 1633763323.116491}]}, "version": 18}
{"obj": {"type": "LogFloats", "path": ["monitoring", "gpu_memory"], "values": [{"value": 6.103515625e-05, "step": null, "ts": 1633763323.116491}]}, "version": 19}
{"obj": {"type": "LogStrings", "path": ["monitoring", "stdout"], "values": [{"value": "", "step": null, "ts": 1633763323.1213825}]}, "version": 20}
{"obj": {"type": "LogStrings", "path": ["monitoring", "stdout"], "values": [{"value": "https://app.neptune.ai/niceball0827/Ternary/e/TER-12\n", "step": null, "ts": 1633763323.1219497}]}, "version": 21}
{"obj": {"type": "LogStrings", "path": ["monitoring", "traceback"], "values": [{"value": "An uncaught exception occurred while run was active on worker nipa2021-0837.", "step": null, "ts": 1633763324.8809996}, {"value": "Marking run as failed", "step": null, "ts": 1633763324.8809996}, {"value": "Traceback:", "step": null, "ts": 1633763324.8809996}, {"value": "  File \"quant_task_glue.py\", line 606, in <module>\n    main()\n", "step": null, "ts": 1633763324.8809996}, {"value": "  File \"quant_task_glue.py\", line 370, in main\n    teacher_model = BertForSequenceClassification.from_pretrained(args.teacher_model)\n", "step": null, "ts": 1633763324.8809996}, {"value": "  File \"/home/ms/workspace/git/TernaryBERT/transformer/modeling.py\", line 266, in from_pretrained\n    model = cls(config, *inputs, **kwargs)\n", "step": null, "ts": 1633763324.8809996}, {"value": "  File \"/home/ms/workspace/git/TernaryBERT/transformer/modeling.py\", line 365, in __init__\n    self.bert = BertModel(config)\n", "step": null, "ts": 1633763324.8809996}, {"value": "  File \"/home/ms/workspace/git/TernaryBERT/transformer/modeling.py\", line 334, in __init__\n    self.apply(self.init_bert_weights)\n", "step": null, "ts": 1633763324.8809996}, {"value": "  File \"/home/ms/anaconda3/envs/deep/lib/python3.6/site-packages/torch/nn/modules/module.py\", line 445, in apply\n    module.apply(fn)\n", "step": null, "ts": 1633763324.8809996}, {"value": "  File \"/home/ms/anaconda3/envs/deep/lib/python3.6/site-packages/torch/nn/modules/module.py\", line 445, in apply\n    module.apply(fn)\n", "step": null, "ts": 1633763324.8809996}, {"value": "  File \"/home/ms/anaconda3/envs/deep/lib/python3.6/site-packages/torch/nn/modules/module.py\", line 446, in apply\n    fn(self)\n", "step": null, "ts": 1633763324.8809996}, {"value": "  File \"/home/ms/workspace/git/TernaryBERT/transformer/modeling.py\", line 231, in init_bert_weights\n    mean=0.0, std=self.config.initializer_range)\n", "step": null, "ts": 1633763324.8809996}, {"value": "", "step": null, "ts": 1633763324.8809996}]}, "version": 22}
{"obj": {"type": "AssignBool", "path": ["sys", "failed"], "value": true}, "version": 23}
{"obj": {"type": "LogStrings", "path": ["monitoring", "stderr"], "values": [{"value": "Traceback (most recent call last):\n", "step": null, "ts": 1633763324.881425}]}, "version": 24}
{"obj": {"type": "LogStrings", "path": ["monitoring", "stderr"], "values": [{"value": "  File \"quant_task_glue.py\", line 606, in <module>\n", "step": null, "ts": 1633763324.8815403}]}, "version": 25}
{"obj": {"type": "LogStrings", "path": ["monitoring", "stderr"], "values": [{"value": "    ", "step": null, "ts": 1633763324.8818567}]}, "version": 26}
{"obj": {"type": "LogStrings", "path": ["monitoring", "stderr"], "values": [{"value": "main()", "step": null, "ts": 1633763324.881957}]}, "version": 27}
{"obj": {"type": "LogStrings", "path": ["monitoring", "stderr"], "values": [{"value": "\n", "step": null, "ts": 1633763324.8820603}]}, "version": 28}
{"obj": {"type": "LogStrings", "path": ["monitoring", "stderr"], "values": [{"value": "  File \"quant_task_glue.py\", line 370, in main\n", "step": null, "ts": 1633763324.88216}]}, "version": 29}
{"obj": {"type": "LogStrings", "path": ["monitoring", "stderr"], "values": [{"value": "    ", "step": null, "ts": 1633763324.882372}]}, "version": 30}
{"obj": {"type": "LogStrings", "path": ["monitoring", "stderr"], "values": [{"value": "teacher_model = BertForSequenceClassification.from_pretrained(args.teacher_model)", "step": null, "ts": 1633763324.8824615}]}, "version": 31}
{"obj": {"type": "LogStrings", "path": ["monitoring", "stderr"], "values": [{"value": "\n", "step": null, "ts": 1633763324.8825564}]}, "version": 32}
{"obj": {"type": "LogStrings", "path": ["monitoring", "stderr"], "values": [{"value": "  File \"/home/ms/workspace/git/TernaryBERT/transformer/modeling.py\", line 266, in from_pretrained\n", "step": null, "ts": 1633763324.88267}]}, "version": 33}
{"obj": {"type": "LogStrings", "path": ["monitoring", "stderr"], "values": [{"value": "    ", "step": null, "ts": 1633763324.8828678}]}, "version": 34}
{"obj": {"type": "LogStrings", "path": ["monitoring", "stderr"], "values": [{"value": "model = cls(config, *inputs, **kwargs)", "step": null, "ts": 1633763324.8829536}]}, "version": 35}
{"obj": {"type": "LogStrings", "path": ["monitoring", "stderr"], "values": [{"value": "\n", "step": null, "ts": 1633763324.8830454}]}, "version": 36}
{"obj": {"type": "LogStrings", "path": ["monitoring", "stderr"], "values": [{"value": "  File \"/home/ms/workspace/git/TernaryBERT/transformer/modeling.py\", line 365, in __init__\n", "step": null, "ts": 1633763324.8831427}]}, "version": 37}
{"obj": {"type": "LogStrings", "path": ["monitoring", "stderr"], "values": [{"value": "    ", "step": null, "ts": 1633763324.8833477}]}, "version": 38}
{"obj": {"type": "LogStrings", "path": ["monitoring", "stderr"], "values": [{"value": "self.bert = BertModel(config)", "step": null, "ts": 1633763324.8834338}]}, "version": 39}
{"obj": {"type": "LogStrings", "path": ["monitoring", "stderr"], "values": [{"value": "\n", "step": null, "ts": 1633763324.8835275}]}, "version": 40}
{"obj": {"type": "LogStrings", "path": ["monitoring", "stderr"], "values": [{"value": "  File \"/home/ms/workspace/git/TernaryBERT/transformer/modeling.py\", line 334, in __init__\n", "step": null, "ts": 1633763324.883623}]}, "version": 41}
{"obj": {"type": "LogStrings", "path": ["monitoring", "stderr"], "values": [{"value": "    ", "step": null, "ts": 1633763324.883855}]}, "version": 42}
{"obj": {"type": "LogStrings", "path": ["monitoring", "stderr"], "values": [{"value": "self.apply(self.init_bert_weights)", "step": null, "ts": 1633763324.8839447}]}, "version": 43}
{"obj": {"type": "LogStrings", "path": ["monitoring", "stderr"], "values": [{"value": "\n", "step": null, "ts": 1633763324.8840349}]}, "version": 44}
{"obj": {"type": "LogStrings", "path": ["monitoring", "stderr"], "values": [{"value": "  File \"/home/ms/anaconda3/envs/deep/lib/python3.6/site-packages/torch/nn/modules/module.py\", line 445, in apply\n", "step": null, "ts": 1633763324.8841298}]}, "version": 45}
{"obj": {"type": "LogStrings", "path": ["monitoring", "stderr"], "values": [{"value": "    ", "step": null, "ts": 1633763324.8843527}]}, "version": 46}
{"obj": {"type": "LogStrings", "path": ["monitoring", "stderr"], "values": [{"value": "module.apply(fn)", "step": null, "ts": 1633763324.8844361}]}, "version": 47}
{"obj": {"type": "LogStrings", "path": ["monitoring", "stderr"], "values": [{"value": "\n", "step": null, "ts": 1633763324.8845267}]}, "version": 48}
{"obj": {"type": "LogStrings", "path": ["monitoring", "stderr"], "values": [{"value": "  File \"/home/ms/anaconda3/envs/deep/lib/python3.6/site-packages/torch/nn/modules/module.py\", line 445, in apply\n", "step": null, "ts": 1633763324.884658}]}, "version": 49}
{"obj": {"type": "LogStrings", "path": ["monitoring", "stderr"], "values": [{"value": "    ", "step": null, "ts": 1633763324.884878}]}, "version": 50}
{"obj": {"type": "LogStrings", "path": ["monitoring", "stderr"], "values": [{"value": "module.apply(fn)", "step": null, "ts": 1633763324.8849623}]}, "version": 51}
{"obj": {"type": "LogStrings", "path": ["monitoring", "stderr"], "values": [{"value": "\n", "step": null, "ts": 1633763324.8850534}]}, "version": 52}
{"obj": {"type": "LogStrings", "path": ["monitoring", "stderr"], "values": [{"value": "  File \"/home/ms/anaconda3/envs/deep/lib/python3.6/site-packages/torch/nn/modules/module.py\", line 446, in apply\n", "step": null, "ts": 1633763324.8851452}]}, "version": 53}
{"obj": {"type": "LogStrings", "path": ["monitoring", "stderr"], "values": [{"value": "    ", "step": null, "ts": 1633763324.885357}]}, "version": 54}
{"obj": {"type": "LogStrings", "path": ["monitoring", "stderr"], "values": [{"value": "fn(self)", "step": null, "ts": 1633763324.8854413}]}, "version": 55}
{"obj": {"type": "LogStrings", "path": ["monitoring", "stderr"], "values": [{"value": "\n", "step": null, "ts": 1633763324.885533}]}, "version": 56}
{"obj": {"type": "LogStrings", "path": ["monitoring", "stderr"], "values": [{"value": "  File \"/home/ms/workspace/git/TernaryBERT/transformer/modeling.py\", line 231, in init_bert_weights\n", "step": null, "ts": 1633763324.8856297}]}, "version": 57}
{"obj": {"type": "LogStrings", "path": ["monitoring", "stderr"], "values": [{"value": "    ", "step": null, "ts": 1633763324.8858254}]}, "version": 58}
{"obj": {"type": "LogStrings", "path": ["monitoring", "stderr"], "values": [{"value": "mean=0.0, std=self.config.initializer_range)", "step": null, "ts": 1633763324.8859084}]}, "version": 59}
{"obj": {"type": "LogStrings", "path": ["monitoring", "stderr"], "values": [{"value": "\n", "step": null, "ts": 1633763324.8860033}]}, "version": 60}
{"obj": {"type": "LogStrings", "path": ["monitoring", "stderr"], "values": [{"value": "KeyboardInterrupt", "step": null, "ts": 1633763324.8860877}]}, "version": 61}
{"obj": {"type": "LogStrings", "path": ["monitoring", "stderr"], "values": [{"value": "", "step": null, "ts": 1633763324.8861628}]}, "version": 62}
{"obj": {"type": "LogStrings", "path": ["monitoring", "stderr"], "values": [{"value": "\n", "step": null, "ts": 1633763324.8862484}]}, "version": 63}
{"obj": {"type": "LogStrings", "path": ["monitoring", "stdout"], "values": [{"value": "Shutting down background jobs, please wait a moment...\n", "step": null, "ts": 1633763324.886434}]}, "version": 64}
