{"obj": {"type": "AssignString", "path": ["sys", "name"], "value": "Untitled"}, "version": 1}
{"obj": {"type": "AssignString", "path": ["sys", "description"], "value": ""}, "version": 2}
{"obj": {"type": "AssignString", "path": ["sys", "hostname"], "value": "nipa2021-0837"}, "version": 3}
{"obj": {"type": "AssignBool", "path": ["sys", "failed"], "value": false}, "version": 4}
{"obj": {"type": "ClearStringLog", "path": ["monitoring", "stdout"]}, "version": 5}
{"obj": {"type": "ClearStringLog", "path": ["monitoring", "stderr"]}, "version": 6}
{"obj": {"type": "AssignString", "path": ["source_code", "entrypoint"], "value": "quant_task_glue.py"}, "version": 7}
{"obj": {"type": "UploadFileSet", "path": ["source_code", "files"], "file_globs": ["/home/ms/workspace/git/TernaryBERT/quant_task_glue.py"], "reset": "False"}, "version": 8}
{"obj": {"type": "ConfigFloatSeries", "path": ["monitoring", "cpu"], "min": 0.0, "max": 100.0, "unit": "%"}, "version": 9}
{"obj": {"type": "ClearFloatLog", "path": ["monitoring", "cpu"]}, "version": 10}
{"obj": {"type": "ConfigFloatSeries", "path": ["monitoring", "memory"], "min": 0.0, "max": 125.91951751708984, "unit": "GB"}, "version": 11}
{"obj": {"type": "ClearFloatLog", "path": ["monitoring", "memory"]}, "version": 12}
{"obj": {"type": "ConfigFloatSeries", "path": ["monitoring", "gpu"], "min": 0.0, "max": 100.0, "unit": "%"}, "version": 13}
{"obj": {"type": "ClearFloatLog", "path": ["monitoring", "gpu"]}, "version": 14}
{"obj": {"type": "ConfigFloatSeries", "path": ["monitoring", "gpu_memory"], "min": 0.0, "max": 31.71923828125, "unit": "GB"}, "version": 15}
{"obj": {"type": "ClearFloatLog", "path": ["monitoring", "gpu_memory"]}, "version": 16}
{"obj": {"type": "LogFloats", "path": ["monitoring", "cpu"], "values": [{"value": 20.9, "step": null, "ts": 1633763555.7778165}]}, "version": 17}
{"obj": {"type": "LogFloats", "path": ["monitoring", "memory"], "values": [{"value": 10.90841293334961, "step": null, "ts": 1633763555.7778165}]}, "version": 18}
{"obj": {"type": "LogFloats", "path": ["monitoring", "gpu_memory"], "values": [{"value": 6.103515625e-05, "step": null, "ts": 1633763555.7778165}]}, "version": 19}
{"obj": {"type": "LogStrings", "path": ["monitoring", "stdout"], "values": [{"value": "", "step": null, "ts": 1633763555.7825956}]}, "version": 20}
{"obj": {"type": "LogStrings", "path": ["monitoring", "stdout"], "values": [{"value": "https://app.neptune.ai/niceball0827/Ternary/e/TER-15\n", "step": null, "ts": 1633763555.783125}]}, "version": 21}
{"obj": {"type": "LogFloats", "path": ["monitoring", "cpu"], "values": [{"value": 21.6, "step": null, "ts": 1633763565.7796853}]}, "version": 22}
{"obj": {"type": "LogFloats", "path": ["monitoring", "memory"], "values": [{"value": 14.091365814208984, "step": null, "ts": 1633763565.7796853}]}, "version": 23}
{"obj": {"type": "LogFloats", "path": ["monitoring", "gpu"], "values": [{"value": 5.0, "step": null, "ts": 1633763565.7796853}]}, "version": 24}
{"obj": {"type": "LogFloats", "path": ["monitoring", "gpu_memory"], "values": [{"value": 1.02630615234375, "step": null, "ts": 1633763565.7796853}]}, "version": 25}
{"obj": {"type": "LogStrings", "path": ["monitoring", "stdout"], "values": [{"value": "{'mcc': 0.6131894280886927, 'eval_loss': 1.4701009029804757}", "step": null, "ts": 1633763568.4755857}]}, "version": 26}
{"obj": {"type": "LogStrings", "path": ["monitoring", "stdout"], "values": [{"value": "\n", "step": null, "ts": 1633763568.4771752}]}, "version": 27}
{"obj": {"type": "LogFloats", "path": ["monitoring", "cpu"], "values": [{"value": 21.0, "step": null, "ts": 1633763575.7813144}]}, "version": 28}
{"obj": {"type": "LogFloats", "path": ["monitoring", "memory"], "values": [{"value": 14.798652648925781, "step": null, "ts": 1633763575.7813144}]}, "version": 29}
{"obj": {"type": "LogFloats", "path": ["monitoring", "gpu"], "values": [{"value": 75.0, "step": null, "ts": 1633763575.7813144}]}, "version": 30}
{"obj": {"type": "LogFloats", "path": ["monitoring", "gpu_memory"], "values": [{"value": 6.48529052734375, "step": null, "ts": 1633763575.7813144}]}, "version": 31}
{"obj": {"type": "LogFloats", "path": ["monitoring", "cpu"], "values": [{"value": 19.6, "step": null, "ts": 1633763585.7830856}]}, "version": 32}
{"obj": {"type": "LogFloats", "path": ["monitoring", "memory"], "values": [{"value": 14.802440643310547, "step": null, "ts": 1633763585.7830856}]}, "version": 33}
{"obj": {"type": "LogFloats", "path": ["monitoring", "gpu"], "values": [{"value": 89.0, "step": null, "ts": 1633763585.7830856}]}, "version": 34}
{"obj": {"type": "LogFloats", "path": ["monitoring", "gpu_memory"], "values": [{"value": 6.48529052734375, "step": null, "ts": 1633763585.7830856}]}, "version": 35}
{"obj": {"type": "LogFloats", "path": ["monitoring", "cpu"], "values": [{"value": 19.9, "step": null, "ts": 1633763595.7850516}]}, "version": 36}
{"obj": {"type": "LogFloats", "path": ["monitoring", "memory"], "values": [{"value": 14.424205780029297, "step": null, "ts": 1633763595.7850516}]}, "version": 37}
{"obj": {"type": "LogFloats", "path": ["monitoring", "gpu"], "values": [{"value": 82.0, "step": null, "ts": 1633763595.7850516}]}, "version": 38}
{"obj": {"type": "LogFloats", "path": ["monitoring", "gpu_memory"], "values": [{"value": 6.57318115234375, "step": null, "ts": 1633763595.7850516}]}, "version": 39}
{"obj": {"type": "LogFloats", "path": ["monitoring", "cpu"], "values": [{"value": 19.3, "step": null, "ts": 1633763605.7866023}]}, "version": 40}
{"obj": {"type": "LogFloats", "path": ["monitoring", "memory"], "values": [{"value": 14.423145294189453, "step": null, "ts": 1633763605.7866023}]}, "version": 41}
{"obj": {"type": "LogFloats", "path": ["monitoring", "gpu"], "values": [{"value": 71.0, "step": null, "ts": 1633763605.7866023}]}, "version": 42}
{"obj": {"type": "LogFloats", "path": ["monitoring", "gpu_memory"], "values": [{"value": 6.66107177734375, "step": null, "ts": 1633763605.7866023}]}, "version": 43}
{"obj": {"type": "LogFloats", "path": ["monitoring", "cpu"], "values": [{"value": 18.8, "step": null, "ts": 1633763615.7883534}]}, "version": 44}
{"obj": {"type": "LogFloats", "path": ["monitoring", "memory"], "values": [{"value": 14.421649932861328, "step": null, "ts": 1633763615.7883534}]}, "version": 45}
{"obj": {"type": "LogFloats", "path": ["monitoring", "gpu"], "values": [{"value": 50.0, "step": null, "ts": 1633763615.7883534}]}, "version": 46}
{"obj": {"type": "LogFloats", "path": ["monitoring", "gpu_memory"], "values": [{"value": 6.66107177734375, "step": null, "ts": 1633763615.7883534}]}, "version": 47}
{"obj": {"type": "LogFloats", "path": ["monitoring", "cpu"], "values": [{"value": 19.4, "step": null, "ts": 1633763625.7900465}]}, "version": 48}
{"obj": {"type": "LogFloats", "path": ["monitoring", "memory"], "values": [{"value": 14.422107696533203, "step": null, "ts": 1633763625.7900465}]}, "version": 49}
{"obj": {"type": "LogFloats", "path": ["monitoring", "gpu"], "values": [{"value": 75.0, "step": null, "ts": 1633763625.7900465}]}, "version": 50}
{"obj": {"type": "LogFloats", "path": ["monitoring", "gpu_memory"], "values": [{"value": 6.66107177734375, "step": null, "ts": 1633763625.7900465}]}, "version": 51}
{"obj": {"type": "LogFloats", "path": ["monitoring", "cpu"], "values": [{"value": 18.7, "step": null, "ts": 1633763635.7916286}]}, "version": 52}
{"obj": {"type": "LogFloats", "path": ["monitoring", "memory"], "values": [{"value": 14.423778533935547, "step": null, "ts": 1633763635.7916286}]}, "version": 53}
{"obj": {"type": "LogFloats", "path": ["monitoring", "gpu"], "values": [{"value": 73.0, "step": null, "ts": 1633763635.7916286}]}, "version": 54}
{"obj": {"type": "LogFloats", "path": ["monitoring", "gpu_memory"], "values": [{"value": 6.66107177734375, "step": null, "ts": 1633763635.7916286}]}, "version": 55}
{"obj": {"type": "LogFloats", "path": ["monitoring", "cpu"], "values": [{"value": 19.4, "step": null, "ts": 1633763645.793554}]}, "version": 56}
{"obj": {"type": "LogFloats", "path": ["monitoring", "memory"], "values": [{"value": 14.421112060546875, "step": null, "ts": 1633763645.793554}]}, "version": 57}
{"obj": {"type": "LogFloats", "path": ["monitoring", "gpu"], "values": [{"value": 98.0, "step": null, "ts": 1633763645.793554}]}, "version": 58}
{"obj": {"type": "LogFloats", "path": ["monitoring", "gpu_memory"], "values": [{"value": 6.66107177734375, "step": null, "ts": 1633763645.793554}]}, "version": 59}
{"obj": {"type": "LogFloats", "path": ["monitoring", "cpu"], "values": [{"value": 19.3, "step": null, "ts": 1633763655.7955964}]}, "version": 60}
{"obj": {"type": "LogFloats", "path": ["monitoring", "memory"], "values": [{"value": 14.425575256347656, "step": null, "ts": 1633763655.7955964}]}, "version": 61}
{"obj": {"type": "LogFloats", "path": ["monitoring", "gpu"], "values": [{"value": 57.0, "step": null, "ts": 1633763655.7955964}]}, "version": 62}
{"obj": {"type": "LogFloats", "path": ["monitoring", "gpu_memory"], "values": [{"value": 6.66107177734375, "step": null, "ts": 1633763655.7955964}]}, "version": 63}
{"obj": {"type": "LogFloats", "path": ["monitoring", "cpu"], "values": [{"value": 19.2, "step": null, "ts": 1633763665.7978196}]}, "version": 64}
{"obj": {"type": "LogFloats", "path": ["monitoring", "memory"], "values": [{"value": 14.423595428466797, "step": null, "ts": 1633763665.7978196}]}, "version": 65}
{"obj": {"type": "LogFloats", "path": ["monitoring", "gpu"], "values": [{"value": 71.0, "step": null, "ts": 1633763665.7978196}]}, "version": 66}
{"obj": {"type": "LogFloats", "path": ["monitoring", "gpu_memory"], "values": [{"value": 6.76458740234375, "step": null, "ts": 1633763665.7978196}]}, "version": 67}
{"obj": {"type": "LogFloats", "path": ["monitoring", "cpu"], "values": [{"value": 19.5, "step": null, "ts": 1633763675.799376}]}, "version": 68}
{"obj": {"type": "LogFloats", "path": ["monitoring", "memory"], "values": [{"value": 14.421958923339844, "step": null, "ts": 1633763675.799376}]}, "version": 69}
{"obj": {"type": "LogFloats", "path": ["monitoring", "gpu"], "values": [{"value": 84.0, "step": null, "ts": 1633763675.799376}]}, "version": 70}
{"obj": {"type": "LogFloats", "path": ["monitoring", "gpu_memory"], "values": [{"value": 6.76458740234375, "step": null, "ts": 1633763675.799376}]}, "version": 71}
{"obj": {"type": "LogFloats", "path": ["monitoring", "cpu"], "values": [{"value": 19.3, "step": null, "ts": 1633763685.801405}]}, "version": 72}
{"obj": {"type": "LogFloats", "path": ["monitoring", "memory"], "values": [{"value": 14.419418334960938, "step": null, "ts": 1633763685.801405}]}, "version": 73}
{"obj": {"type": "LogFloats", "path": ["monitoring", "gpu"], "values": [{"value": 98.0, "step": null, "ts": 1633763685.801405}]}, "version": 74}
{"obj": {"type": "LogFloats", "path": ["monitoring", "gpu_memory"], "values": [{"value": 6.76458740234375, "step": null, "ts": 1633763685.801405}]}, "version": 75}
{"obj": {"type": "LogFloats", "path": ["monitoring", "cpu"], "values": [{"value": 19.4, "step": null, "ts": 1633763695.8033314}]}, "version": 76}
{"obj": {"type": "LogFloats", "path": ["monitoring", "memory"], "values": [{"value": 14.424003601074219, "step": null, "ts": 1633763695.8033314}]}, "version": 77}
{"obj": {"type": "LogFloats", "path": ["monitoring", "gpu"], "values": [{"value": 85.0, "step": null, "ts": 1633763695.8033314}]}, "version": 78}
{"obj": {"type": "LogFloats", "path": ["monitoring", "gpu_memory"], "values": [{"value": 6.76458740234375, "step": null, "ts": 1633763695.8033314}]}, "version": 79}
{"obj": {"type": "LogFloats", "path": ["monitoring", "cpu"], "values": [{"value": 19.3, "step": null, "ts": 1633763705.8052716}]}, "version": 80}
{"obj": {"type": "LogFloats", "path": ["monitoring", "memory"], "values": [{"value": 14.425731658935547, "step": null, "ts": 1633763705.8052716}]}, "version": 81}
{"obj": {"type": "LogFloats", "path": ["monitoring", "gpu"], "values": [{"value": 56.0, "step": null, "ts": 1633763705.8052716}]}, "version": 82}
{"obj": {"type": "LogFloats", "path": ["monitoring", "gpu_memory"], "values": [{"value": 6.76458740234375, "step": null, "ts": 1633763705.8052716}]}, "version": 83}
{"obj": {"type": "LogFloats", "path": ["monitoring", "cpu"], "values": [{"value": 19.2, "step": null, "ts": 1633763715.806822}]}, "version": 84}
{"obj": {"type": "LogFloats", "path": ["monitoring", "memory"], "values": [{"value": 14.450904846191406, "step": null, "ts": 1633763715.806822}]}, "version": 85}
{"obj": {"type": "LogFloats", "path": ["monitoring", "gpu"], "values": [{"value": 55.0, "step": null, "ts": 1633763715.806822}]}, "version": 86}
{"obj": {"type": "LogFloats", "path": ["monitoring", "gpu_memory"], "values": [{"value": 6.76458740234375, "step": null, "ts": 1633763715.806822}]}, "version": 87}
{"obj": {"type": "LogFloats", "path": ["monitoring", "cpu"], "values": [{"value": 19.9, "step": null, "ts": 1633763725.8085608}]}, "version": 88}
{"obj": {"type": "LogFloats", "path": ["monitoring", "memory"], "values": [{"value": 14.427101135253906, "step": null, "ts": 1633763725.8085608}]}, "version": 89}
{"obj": {"type": "LogFloats", "path": ["monitoring", "gpu"], "values": [{"value": 88.0, "step": null, "ts": 1633763725.8085608}]}, "version": 90}
{"obj": {"type": "LogFloats", "path": ["monitoring", "gpu_memory"], "values": [{"value": 6.76458740234375, "step": null, "ts": 1633763725.8085608}]}, "version": 91}
{"obj": {"type": "LogFloats", "path": ["monitoring", "cpu"], "values": [{"value": 19.4, "step": null, "ts": 1633763735.8113053}]}, "version": 92}
{"obj": {"type": "LogFloats", "path": ["monitoring", "memory"], "values": [{"value": 14.424625396728516, "step": null, "ts": 1633763735.8113053}]}, "version": 93}
{"obj": {"type": "LogFloats", "path": ["monitoring", "gpu"], "values": [{"value": 56.0, "step": null, "ts": 1633763735.8113053}]}, "version": 94}
{"obj": {"type": "LogFloats", "path": ["monitoring", "gpu_memory"], "values": [{"value": 6.76458740234375, "step": null, "ts": 1633763735.8113053}]}, "version": 95}
{"obj": {"type": "LogFloats", "path": ["monitoring", "cpu"], "values": [{"value": 19.3, "step": null, "ts": 1633763745.8131971}]}, "version": 96}
{"obj": {"type": "LogFloats", "path": ["monitoring", "memory"], "values": [{"value": 14.425220489501953, "step": null, "ts": 1633763745.8131971}]}, "version": 97}
{"obj": {"type": "LogFloats", "path": ["monitoring", "gpu"], "values": [{"value": 56.0, "step": null, "ts": 1633763745.8131971}]}, "version": 98}
{"obj": {"type": "LogFloats", "path": ["monitoring", "gpu_memory"], "values": [{"value": 6.76458740234375, "step": null, "ts": 1633763745.8131971}]}, "version": 99}
{"obj": {"type": "LogFloats", "path": ["monitoring", "cpu"], "values": [{"value": 19.2, "step": null, "ts": 1633763755.8157914}]}, "version": 100}
{"obj": {"type": "LogFloats", "path": ["monitoring", "memory"], "values": [{"value": 14.427352905273438, "step": null, "ts": 1633763755.8157914}]}, "version": 101}
{"obj": {"type": "LogFloats", "path": ["monitoring", "gpu"], "values": [{"value": 51.0, "step": null, "ts": 1633763755.8157914}]}, "version": 102}
{"obj": {"type": "LogFloats", "path": ["monitoring", "gpu_memory"], "values": [{"value": 6.76458740234375, "step": null, "ts": 1633763755.8157914}]}, "version": 103}
{"obj": {"type": "LogFloats", "path": ["monitoring", "cpu"], "values": [{"value": 19.2, "step": null, "ts": 1633763765.8178735}]}, "version": 104}
{"obj": {"type": "LogFloats", "path": ["monitoring", "memory"], "values": [{"value": 14.424396514892578, "step": null, "ts": 1633763765.8178735}]}, "version": 105}
{"obj": {"type": "LogFloats", "path": ["monitoring", "gpu"], "values": [{"value": 63.0, "step": null, "ts": 1633763765.8178735}]}, "version": 106}
{"obj": {"type": "LogFloats", "path": ["monitoring", "gpu_memory"], "values": [{"value": 6.76458740234375, "step": null, "ts": 1633763765.8178735}]}, "version": 107}
{"obj": {"type": "LogFloats", "path": ["monitoring", "cpu"], "values": [{"value": 17.3, "step": null, "ts": 1633763775.8199203}]}, "version": 108}
{"obj": {"type": "LogFloats", "path": ["monitoring", "memory"], "values": [{"value": 10.360889434814453, "step": null, "ts": 1633763775.8199203}]}, "version": 109}
{"obj": {"type": "LogFloats", "path": ["monitoring", "gpu"], "values": [{"value": 98.0, "step": null, "ts": 1633763775.8199203}]}, "version": 110}
{"obj": {"type": "LogFloats", "path": ["monitoring", "gpu_memory"], "values": [{"value": 6.76458740234375, "step": null, "ts": 1633763775.8199203}]}, "version": 111}
{"obj": {"type": "LogFloats", "path": ["monitoring", "cpu"], "values": [{"value": 13.4, "step": null, "ts": 1633763785.8221815}]}, "version": 112}
{"obj": {"type": "LogFloats", "path": ["monitoring", "memory"], "values": [{"value": 10.360279083251953, "step": null, "ts": 1633763785.8221815}]}, "version": 113}
{"obj": {"type": "LogFloats", "path": ["monitoring", "gpu"], "values": [{"value": 69.0, "step": null, "ts": 1633763785.8221815}]}, "version": 114}
{"obj": {"type": "LogFloats", "path": ["monitoring", "gpu_memory"], "values": [{"value": 6.76458740234375, "step": null, "ts": 1633763785.8221815}]}, "version": 115}
{"obj": {"type": "LogFloats", "path": ["monitoring", "cpu"], "values": [{"value": 13.4, "step": null, "ts": 1633763795.8237796}]}, "version": 116}
{"obj": {"type": "LogFloats", "path": ["monitoring", "memory"], "values": [{"value": 10.3590087890625, "step": null, "ts": 1633763795.8237796}]}, "version": 117}
{"obj": {"type": "LogFloats", "path": ["monitoring", "gpu"], "values": [{"value": 93.0, "step": null, "ts": 1633763795.8237796}]}, "version": 118}
{"obj": {"type": "LogFloats", "path": ["monitoring", "gpu_memory"], "values": [{"value": 6.76458740234375, "step": null, "ts": 1633763795.8237796}]}, "version": 119}
{"obj": {"type": "LogFloats", "path": ["monitoring", "cpu"], "values": [{"value": 13.3, "step": null, "ts": 1633763805.8261964}]}, "version": 120}
{"obj": {"type": "LogFloats", "path": ["monitoring", "memory"], "values": [{"value": 10.358444213867188, "step": null, "ts": 1633763805.8261964}]}, "version": 121}
{"obj": {"type": "LogFloats", "path": ["monitoring", "gpu"], "values": [{"value": 57.0, "step": null, "ts": 1633763805.8261964}]}, "version": 122}
{"obj": {"type": "LogFloats", "path": ["monitoring", "gpu_memory"], "values": [{"value": 6.76458740234375, "step": null, "ts": 1633763805.8261964}]}, "version": 123}
{"obj": {"type": "LogFloats", "path": ["monitoring", "cpu"], "values": [{"value": 13.4, "step": null, "ts": 1633763815.8293343}]}, "version": 124}
{"obj": {"type": "LogFloats", "path": ["monitoring", "memory"], "values": [{"value": 10.359050750732422, "step": null, "ts": 1633763815.8293343}]}, "version": 125}
{"obj": {"type": "LogFloats", "path": ["monitoring", "gpu"], "values": [{"value": 64.0, "step": null, "ts": 1633763815.8293343}]}, "version": 126}
{"obj": {"type": "LogFloats", "path": ["monitoring", "gpu_memory"], "values": [{"value": 6.76458740234375, "step": null, "ts": 1633763815.8293343}]}, "version": 127}
{"obj": {"type": "LogFloats", "path": ["monitoring", "cpu"], "values": [{"value": 13.3, "step": null, "ts": 1633763825.831022}]}, "version": 128}
{"obj": {"type": "LogFloats", "path": ["monitoring", "memory"], "values": [{"value": 10.358997344970703, "step": null, "ts": 1633763825.831022}]}, "version": 129}
{"obj": {"type": "LogFloats", "path": ["monitoring", "gpu"], "values": [{"value": 61.0, "step": null, "ts": 1633763825.831022}]}, "version": 130}
{"obj": {"type": "LogFloats", "path": ["monitoring", "gpu_memory"], "values": [{"value": 6.76458740234375, "step": null, "ts": 1633763825.831022}]}, "version": 131}
{"obj": {"type": "LogStrings", "path": ["monitoring", "stdout"], "values": [{"value": "Shutting down background jobs, please wait a moment...\n", "step": null, "ts": 1633763827.6886668}]}, "version": 132}
