{"obj": {"type": "AssignString", "path": ["sys", "name"], "value": "Untitled"}, "version": 1}
{"obj": {"type": "AssignString", "path": ["sys", "description"], "value": ""}, "version": 2}
{"obj": {"type": "AssignString", "path": ["sys", "hostname"], "value": "nipa2021-0837"}, "version": 3}
{"obj": {"type": "AssignBool", "path": ["sys", "failed"], "value": false}, "version": 4}
{"obj": {"type": "ClearStringLog", "path": ["monitoring", "stdout"]}, "version": 5}
{"obj": {"type": "ClearStringLog", "path": ["monitoring", "stderr"]}, "version": 6}
{"obj": {"type": "AssignString", "path": ["source_code", "entrypoint"], "value": "quant_task_glue.py"}, "version": 7}
{"obj": {"type": "UploadFileSet", "path": ["source_code", "files"], "file_globs": ["/home/ms/workspace/git/TernaryBERT/quant_task_glue.py"], "reset": "False"}, "version": 8}
{"obj": {"type": "ConfigFloatSeries", "path": ["monitoring", "cpu"], "min": 0.0, "max": 100.0, "unit": "%"}, "version": 9}
{"obj": {"type": "ClearFloatLog", "path": ["monitoring", "cpu"]}, "version": 10}
{"obj": {"type": "ConfigFloatSeries", "path": ["monitoring", "memory"], "min": 0.0, "max": 125.91951751708984, "unit": "GB"}, "version": 11}
{"obj": {"type": "ClearFloatLog", "path": ["monitoring", "memory"]}, "version": 12}
{"obj": {"type": "ConfigFloatSeries", "path": ["monitoring", "gpu"], "min": 0.0, "max": 100.0, "unit": "%"}, "version": 13}
{"obj": {"type": "ClearFloatLog", "path": ["monitoring", "gpu"]}, "version": 14}
{"obj": {"type": "ConfigFloatSeries", "path": ["monitoring", "gpu_memory"], "min": 0.0, "max": 31.71923828125, "unit": "GB"}, "version": 15}
{"obj": {"type": "ClearFloatLog", "path": ["monitoring", "gpu_memory"]}, "version": 16}
{"obj": {"type": "LogFloats", "path": ["monitoring", "cpu"], "values": [{"value": 3.4, "step": null, "ts": 1633759616.4403865}]}, "version": 17}
{"obj": {"type": "LogFloats", "path": ["monitoring", "memory"], "values": [{"value": 2.3782310485839844, "step": null, "ts": 1633759616.4403865}]}, "version": 18}
{"obj": {"type": "LogFloats", "path": ["monitoring", "gpu_memory"], "values": [{"value": 0.0001220703125, "step": null, "ts": 1633759616.4403865}]}, "version": 19}
{"obj": {"type": "LogStrings", "path": ["monitoring", "stdout"], "values": [{"value": "", "step": null, "ts": 1633759616.4462197}]}, "version": 20}
{"obj": {"type": "LogStrings", "path": ["monitoring", "stdout"], "values": [{"value": "https://app.neptune.ai/niceball0827/Ternary/e/TER-2\n", "step": null, "ts": 1633759616.4464931}]}, "version": 21}
{"obj": {"type": "LogFloats", "path": ["monitoring", "cpu"], "values": [{"value": 10.5, "step": null, "ts": 1633759626.4426067}]}, "version": 22}
{"obj": {"type": "LogFloats", "path": ["monitoring", "memory"], "values": [{"value": 5.333148956298828, "step": null, "ts": 1633759626.4426067}]}, "version": 23}
{"obj": {"type": "LogFloats", "path": ["monitoring", "gpu"], "values": [{"value": 5.0, "step": null, "ts": 1633759626.4426067}]}, "version": 24}
{"obj": {"type": "LogFloats", "path": ["monitoring", "gpu_memory"], "values": [{"value": 0.9189453125, "step": null, "ts": 1633759626.4426067}]}, "version": 25}
{"obj": {"type": "LogStrings", "path": ["monitoring", "stdout"], "values": [{"value": "{'mcc': 0.6131894280886927, 'eval_loss': 1.4701009029804757}", "step": null, "ts": 1633759629.6111436}]}, "version": 26}
{"obj": {"type": "LogStrings", "path": ["monitoring", "stdout"], "values": [{"value": "\n", "step": null, "ts": 1633759629.6114328}]}, "version": 27}
{"obj": {"type": "LogStrings", "path": ["monitoring", "stdout"], "values": [{"value": "> /home/ms/workspace/git/TernaryBERT/transformer/modeling_quant.py(276)from_pretrained()\n-> state_dict = kwargs.get('state_dict', None)", "step": null, "ts": 1633759629.6152017}]}, "version": 28}
{"obj": {"type": "LogStrings", "path": ["monitoring", "stdout"], "values": [{"value": "\n", "step": null, "ts": 1633759629.6153812}]}, "version": 29}
{"obj": {"type": "LogFloats", "path": ["monitoring", "cpu"], "values": [{"value": 3.4, "step": null, "ts": 1633759636.444597}]}, "version": 30}
{"obj": {"type": "LogFloats", "path": ["monitoring", "memory"], "values": [{"value": 5.918174743652344, "step": null, "ts": 1633759636.444597}]}, "version": 31}
{"obj": {"type": "LogFloats", "path": ["monitoring", "gpu_memory"], "values": [{"value": 1.9248046875, "step": null, "ts": 1633759636.444597}]}, "version": 32}
{"obj": {"type": "LogStrings", "path": ["monitoring", "stdout"], "values": [{"value": "***", "step": null, "ts": 1633759637.1135733}]}, "version": 33}
{"obj": {"type": "LogStrings", "path": ["monitoring", "stdout"], "values": [{"value": " ", "step": null, "ts": 1633759637.1137505}]}, "version": 34}
{"obj": {"type": "LogStrings", "path": ["monitoring", "stdout"], "values": [{"value": "NameError: name 'config' is not defined", "step": null, "ts": 1633759637.1138446}]}, "version": 35}
{"obj": {"type": "LogStrings", "path": ["monitoring", "stdout"], "values": [{"value": "\n", "step": null, "ts": 1633759637.1139503}]}, "version": 36}
{"obj": {"type": "LogStrings", "path": ["monitoring", "stdout"], "values": [{"value": "***", "step": null, "ts": 1633759641.8777456}]}, "version": 37}
{"obj": {"type": "LogStrings", "path": ["monitoring", "stdout"], "values": [{"value": " ", "step": null, "ts": 1633759641.8779714}]}, "version": 38}
{"obj": {"type": "LogStrings", "path": ["monitoring", "stdout"], "values": [{"value": "NameError: name 'kwatgs' is not defined", "step": null, "ts": 1633759641.878066}]}, "version": 39}
{"obj": {"type": "LogStrings", "path": ["monitoring", "stdout"], "values": [{"value": "\n", "step": null, "ts": 1633759641.8781688}]}, "version": 40}
{"obj": {"type": "LogStrings", "path": ["monitoring", "stdout"], "values": [{"value": "{'config': {\n  \"architectures\": [\n    \"BertForMaskedLM\"\n  ],\n  \"attention_probs_dropout_prob\": 0.1,\n  \"clip_val\": 2.5,\n  \"gradient_checkpointing\": false,\n  \"hidden_act\": \"gelu\",\n  \"hidden_dropout_prob\": 0.1,\n  \"hidden_size\": 768,\n  \"initializer_range\": 0.02,\n  \"input_bits\": 8,\n  \"intermediate_size\": 3072,\n  \"layer_norm_eps\": 1e-12,\n  \"max_position_embeddings\": 512,\n  \"model_type\": \"bert\",\n  \"num_attention_heads\": 12,\n  \"num_hidden_layers\": 12,\n  \"pad_token_id\": 0,\n  \"position_embedding_type\": \"absolute\",\n  \"quantize_act\": true,\n  \"transformers_version\": \"4.6.0.dev0\",\n  \"type_vocab_size\": 2,\n  \"use_cache\": true,\n  \"vocab_size\": 30522,\n  \"weight_bits\": 2\n}\n, 'num_labels': 2}", "step": null, "ts": 1633759644.8370972}]}, "version": 41}
{"obj": {"type": "LogStrings", "path": ["monitoring", "stdout"], "values": [{"value": "\n", "step": null, "ts": 1633759644.8372862}]}, "version": 42}
{"obj": {"type": "LogFloats", "path": ["monitoring", "cpu"], "values": [{"value": 1.5, "step": null, "ts": 1633759646.4461641}]}, "version": 43}
{"obj": {"type": "LogFloats", "path": ["monitoring", "memory"], "values": [{"value": 5.9175262451171875, "step": null, "ts": 1633759646.4461641}]}, "version": 44}
{"obj": {"type": "LogFloats", "path": ["monitoring", "gpu_memory"], "values": [{"value": 1.9248046875, "step": null, "ts": 1633759646.4461641}]}, "version": 45}
{"obj": {"type": "LogStrings", "path": ["monitoring", "stdout"], "values": [{"value": "> /home/ms/workspace/git/TernaryBERT/transformer/modeling_quant.py(277)from_pretrained()\n-> kwargs.pop('state_dict', None)", "step": null, "ts": 1633759648.820564}]}, "version": 46}
{"obj": {"type": "LogStrings", "path": ["monitoring", "stdout"], "values": [{"value": "\n", "step": null, "ts": 1633759648.8208184}]}, "version": 47}
{"obj": {"type": "LogFloats", "path": ["monitoring", "cpu"], "values": [{"value": 1.3, "step": null, "ts": 1633759656.4478629}]}, "version": 48}
{"obj": {"type": "LogFloats", "path": ["monitoring", "memory"], "values": [{"value": 5.919013977050781, "step": null, "ts": 1633759656.4478629}]}, "version": 49}
{"obj": {"type": "LogFloats", "path": ["monitoring", "gpu_memory"], "values": [{"value": 1.9248046875, "step": null, "ts": 1633759656.4478629}]}, "version": 50}
{"obj": {"type": "LogStrings", "path": ["monitoring", "stdout"], "values": [{"value": "> /home/ms/workspace/git/TernaryBERT/transformer/modeling_quant.py(278)from_pretrained()\n-> config = kwargs.get('config', None)", "step": null, "ts": 1633759658.343661}]}, "version": 51}
{"obj": {"type": "LogStrings", "path": ["monitoring", "stdout"], "values": [{"value": "\n", "step": null, "ts": 1633759658.3439417}]}, "version": 52}
{"obj": {"type": "LogStrings", "path": ["monitoring", "stdout"], "values": [{"value": "> /home/ms/workspace/git/TernaryBERT/transformer/modeling_quant.py(279)from_pretrained()\n-> kwargs.pop('config', None)", "step": null, "ts": 1633759659.1311557}]}, "version": 53}
{"obj": {"type": "LogStrings", "path": ["monitoring", "stdout"], "values": [{"value": "\n", "step": null, "ts": 1633759659.1313663}]}, "version": 54}
{"obj": {"type": "LogStrings", "path": ["monitoring", "stdout"], "values": [{"value": "{\n  \"architectures\": [\n    \"BertForMaskedLM\"\n  ],\n  \"attention_probs_dropout_prob\": 0.1,\n  \"clip_val\": 2.5,\n  \"gradient_checkpointing\": false,\n  \"hidden_act\": \"gelu\",\n  \"hidden_dropout_prob\": 0.1,\n  \"hidden_size\": 768,\n  \"initializer_range\": 0.02,\n  \"input_bits\": 8,\n  \"intermediate_size\": 3072,\n  \"layer_norm_eps\": 1e-12,\n  \"max_position_embeddings\": 512,\n  \"model_type\": \"bert\",\n  \"num_attention_heads\": 12,\n  \"num_hidden_layers\": 12,\n  \"pad_token_id\": 0,\n  \"position_embedding_type\": \"absolute\",\n  \"quantize_act\": true,\n  \"transformers_version\": \"4.6.0.dev0\",\n  \"type_vocab_size\": 2,\n  \"use_cache\": true,\n  \"vocab_size\": 30522,\n  \"weight_bits\": 2\n}\n", "step": null, "ts": 1633759660.504557}]}, "version": 55}
{"obj": {"type": "LogStrings", "path": ["monitoring", "stdout"], "values": [{"value": "\n", "step": null, "ts": 1633759660.5047483}]}, "version": 56}
{"obj": {"type": "LogFloats", "path": ["monitoring", "cpu"], "values": [{"value": 1.4, "step": null, "ts": 1633759666.4505012}]}, "version": 57}
{"obj": {"type": "LogFloats", "path": ["monitoring", "memory"], "values": [{"value": 5.919048309326172, "step": null, "ts": 1633759666.4505012}]}, "version": 58}
{"obj": {"type": "LogFloats", "path": ["monitoring", "gpu_memory"], "values": [{"value": 1.9248046875, "step": null, "ts": 1633759666.4505012}]}, "version": 59}
{"obj": {"type": "LogFloats", "path": ["monitoring", "cpu"], "values": [{"value": 1.8, "step": null, "ts": 1633759676.4519324}]}, "version": 60}
{"obj": {"type": "LogFloats", "path": ["monitoring", "memory"], "values": [{"value": 5.938117980957031, "step": null, "ts": 1633759676.4519324}]}, "version": 61}
{"obj": {"type": "LogFloats", "path": ["monitoring", "gpu_memory"], "values": [{"value": 1.9248046875, "step": null, "ts": 1633759676.4519324}]}, "version": 62}
{"obj": {"type": "LogFloats", "path": ["monitoring", "cpu"], "values": [{"value": 1.7, "step": null, "ts": 1633759686.4534109}]}, "version": 63}
{"obj": {"type": "LogFloats", "path": ["monitoring", "memory"], "values": [{"value": 5.993259429931641, "step": null, "ts": 1633759686.4534109}]}, "version": 64}
{"obj": {"type": "LogFloats", "path": ["monitoring", "gpu_memory"], "values": [{"value": 1.9248046875, "step": null, "ts": 1633759686.4534109}]}, "version": 65}
{"obj": {"type": "LogFloats", "path": ["monitoring", "cpu"], "values": [{"value": 1.5, "step": null, "ts": 1633759696.4548929}]}, "version": 66}
{"obj": {"type": "LogFloats", "path": ["monitoring", "memory"], "values": [{"value": 5.9363555908203125, "step": null, "ts": 1633759696.4548929}]}, "version": 67}
{"obj": {"type": "LogFloats", "path": ["monitoring", "gpu_memory"], "values": [{"value": 1.9248046875, "step": null, "ts": 1633759696.4548929}]}, "version": 68}
{"obj": {"type": "LogFloats", "path": ["monitoring", "cpu"], "values": [{"value": 1.3, "step": null, "ts": 1633759706.4564304}]}, "version": 69}
{"obj": {"type": "LogFloats", "path": ["monitoring", "memory"], "values": [{"value": 5.93597412109375, "step": null, "ts": 1633759706.4564304}]}, "version": 70}
{"obj": {"type": "LogFloats", "path": ["monitoring", "gpu_memory"], "values": [{"value": 1.9248046875, "step": null, "ts": 1633759706.4564304}]}, "version": 71}
{"obj": {"type": "LogFloats", "path": ["monitoring", "cpu"], "values": [{"value": 1.4, "step": null, "ts": 1633759716.4579418}]}, "version": 72}
{"obj": {"type": "LogFloats", "path": ["monitoring", "memory"], "values": [{"value": 5.934608459472656, "step": null, "ts": 1633759716.4579418}]}, "version": 73}
{"obj": {"type": "LogFloats", "path": ["monitoring", "gpu_memory"], "values": [{"value": 1.9248046875, "step": null, "ts": 1633759716.4579418}]}, "version": 74}
{"obj": {"type": "LogFloats", "path": ["monitoring", "cpu"], "values": [{"value": 1.3, "step": null, "ts": 1633759726.4594274}]}, "version": 75}
{"obj": {"type": "LogFloats", "path": ["monitoring", "memory"], "values": [{"value": 5.934123992919922, "step": null, "ts": 1633759726.4594274}]}, "version": 76}
{"obj": {"type": "LogFloats", "path": ["monitoring", "gpu_memory"], "values": [{"value": 1.9248046875, "step": null, "ts": 1633759726.4594274}]}, "version": 77}
{"obj": {"type": "LogFloats", "path": ["monitoring", "cpu"], "values": [{"value": 1.4, "step": null, "ts": 1633759736.4609346}]}, "version": 78}
{"obj": {"type": "LogFloats", "path": ["monitoring", "memory"], "values": [{"value": 5.935398101806641, "step": null, "ts": 1633759736.4609346}]}, "version": 79}
{"obj": {"type": "LogFloats", "path": ["monitoring", "gpu_memory"], "values": [{"value": 1.9248046875, "step": null, "ts": 1633759736.4609346}]}, "version": 80}
{"obj": {"type": "LogFloats", "path": ["monitoring", "cpu"], "values": [{"value": 1.7, "step": null, "ts": 1633759746.4624574}]}, "version": 81}
{"obj": {"type": "LogFloats", "path": ["monitoring", "memory"], "values": [{"value": 5.9958038330078125, "step": null, "ts": 1633759746.4624574}]}, "version": 82}
{"obj": {"type": "LogFloats", "path": ["monitoring", "gpu_memory"], "values": [{"value": 1.9248046875, "step": null, "ts": 1633759746.4624574}]}, "version": 83}
{"obj": {"type": "LogFloats", "path": ["monitoring", "cpu"], "values": [{"value": 1.3, "step": null, "ts": 1633759756.4639602}]}, "version": 84}
{"obj": {"type": "LogFloats", "path": ["monitoring", "memory"], "values": [{"value": 5.935855865478516, "step": null, "ts": 1633759756.4639602}]}, "version": 85}
{"obj": {"type": "LogFloats", "path": ["monitoring", "gpu_memory"], "values": [{"value": 1.9248046875, "step": null, "ts": 1633759756.4639602}]}, "version": 86}
{"obj": {"type": "LogFloats", "path": ["monitoring", "cpu"], "values": [{"value": 1.5, "step": null, "ts": 1633759766.465604}]}, "version": 87}
{"obj": {"type": "LogFloats", "path": ["monitoring", "memory"], "values": [{"value": 5.9370880126953125, "step": null, "ts": 1633759766.465604}]}, "version": 88}
{"obj": {"type": "LogFloats", "path": ["monitoring", "gpu_memory"], "values": [{"value": 1.9248046875, "step": null, "ts": 1633759766.465604}]}, "version": 89}
{"obj": {"type": "LogFloats", "path": ["monitoring", "cpu"], "values": [{"value": 1.3, "step": null, "ts": 1633759776.4671755}]}, "version": 90}
{"obj": {"type": "LogFloats", "path": ["monitoring", "memory"], "values": [{"value": 5.933452606201172, "step": null, "ts": 1633759776.4671755}]}, "version": 91}
{"obj": {"type": "LogFloats", "path": ["monitoring", "gpu_memory"], "values": [{"value": 1.9248046875, "step": null, "ts": 1633759776.4671755}]}, "version": 92}
{"obj": {"type": "LogFloats", "path": ["monitoring", "cpu"], "values": [{"value": 1.3, "step": null, "ts": 1633759786.4686887}]}, "version": 93}
{"obj": {"type": "LogFloats", "path": ["monitoring", "memory"], "values": [{"value": 5.933010101318359, "step": null, "ts": 1633759786.4686887}]}, "version": 94}
{"obj": {"type": "LogFloats", "path": ["monitoring", "gpu_memory"], "values": [{"value": 1.9248046875, "step": null, "ts": 1633759786.4686887}]}, "version": 95}
{"obj": {"type": "LogFloats", "path": ["monitoring", "cpu"], "values": [{"value": 1.3, "step": null, "ts": 1633759796.4703653}]}, "version": 96}
{"obj": {"type": "LogFloats", "path": ["monitoring", "memory"], "values": [{"value": 5.934818267822266, "step": null, "ts": 1633759796.4703653}]}, "version": 97}
{"obj": {"type": "LogFloats", "path": ["monitoring", "gpu_memory"], "values": [{"value": 1.9248046875, "step": null, "ts": 1633759796.4703653}]}, "version": 98}
{"obj": {"type": "LogFloats", "path": ["monitoring", "cpu"], "values": [{"value": 1.3, "step": null, "ts": 1633759806.4719927}]}, "version": 99}
{"obj": {"type": "LogFloats", "path": ["monitoring", "memory"], "values": [{"value": 5.9346160888671875, "step": null, "ts": 1633759806.4719927}]}, "version": 100}
{"obj": {"type": "LogFloats", "path": ["monitoring", "gpu_memory"], "values": [{"value": 1.9248046875, "step": null, "ts": 1633759806.4719927}]}, "version": 101}
{"obj": {"type": "LogStrings", "path": ["monitoring", "traceback"], "values": [{"value": "An uncaught exception occurred while run was active on worker nipa2021-0837.", "step": null, "ts": 1633759815.2301197}, {"value": "Marking run as failed", "step": null, "ts": 1633759815.2301197}, {"value": "Traceback:", "step": null, "ts": 1633759815.2301197}, {"value": "  File \"quant_task_glue.py\", line 559, in <module>\n    main()\n", "step": null, "ts": 1633759815.2301197}, {"value": "  File \"quant_task_glue.py\", line 363, in main\n    student_model = QuantBertForSequenceClassification.from_pretrained(args.student_model, config = student_config, num_labels=num_labels)\n", "step": null, "ts": 1633759815.2301197}, {"value": "  File \"/home/ms/workspace/git/TernaryBERT/transformer/modeling_quant.py\", line 279, in from_pretrained\n    kwargs.pop('config', None)\n", "step": null, "ts": 1633759815.2301197}, {"value": "  File \"/home/ms/workspace/git/TernaryBERT/transformer/modeling_quant.py\", line 279, in from_pretrained\n    kwargs.pop('config', None)\n", "step": null, "ts": 1633759815.2301197}, {"value": "  File \"/home/ms/anaconda3/envs/deep/lib/python3.6/bdb.py\", line 51, in trace_dispatch\n    return self.dispatch_line(frame)\n", "step": null, "ts": 1633759815.2301197}, {"value": "  File \"/home/ms/anaconda3/envs/deep/lib/python3.6/bdb.py\", line 70, in dispatch_line\n    if self.quitting: raise BdbQuit\n", "step": null, "ts": 1633759815.2301197}, {"value": "", "step": null, "ts": 1633759815.2301197}]}, "version": 102}
{"obj": {"type": "AssignBool", "path": ["sys", "failed"], "value": true}, "version": 103}
{"obj": {"type": "LogStrings", "path": ["monitoring", "stderr"], "values": [{"value": "Traceback (most recent call last):\n", "step": null, "ts": 1633759815.2305465}]}, "version": 104}
{"obj": {"type": "LogStrings", "path": ["monitoring", "stderr"], "values": [{"value": "  File \"quant_task_glue.py\", line 559, in <module>\n", "step": null, "ts": 1633759815.2306557}]}, "version": 105}
{"obj": {"type": "LogStrings", "path": ["monitoring", "stderr"], "values": [{"value": "    ", "step": null, "ts": 1633759815.2309842}]}, "version": 106}
{"obj": {"type": "LogStrings", "path": ["monitoring", "stderr"], "values": [{"value": "main()", "step": null, "ts": 1633759815.2310867}]}, "version": 107}
{"obj": {"type": "LogStrings", "path": ["monitoring", "stderr"], "values": [{"value": "\n", "step": null, "ts": 1633759815.231201}]}, "version": 108}
{"obj": {"type": "LogStrings", "path": ["monitoring", "stderr"], "values": [{"value": "  File \"quant_task_glue.py\", line 363, in main\n", "step": null, "ts": 1633759815.231307}]}, "version": 109}
{"obj": {"type": "LogStrings", "path": ["monitoring", "stderr"], "values": [{"value": "    ", "step": null, "ts": 1633759815.231518}]}, "version": 110}
{"obj": {"type": "LogStrings", "path": ["monitoring", "stderr"], "values": [{"value": "student_model = QuantBertForSequenceClassification.from_pretrained(args.student_model, config = student_config, num_labels=num_labels)", "step": null, "ts": 1633759815.2316024}]}, "version": 111}
{"obj": {"type": "LogStrings", "path": ["monitoring", "stderr"], "values": [{"value": "\n", "step": null, "ts": 1633759815.2316892}]}, "version": 112}
{"obj": {"type": "LogStrings", "path": ["monitoring", "stderr"], "values": [{"value": "  File \"/home/ms/workspace/git/TernaryBERT/transformer/modeling_quant.py\", line 279, in from_pretrained\n", "step": null, "ts": 1633759815.2317805}]}, "version": 113}
{"obj": {"type": "LogStrings", "path": ["monitoring", "stderr"], "values": [{"value": "    ", "step": null, "ts": 1633759815.2319934}]}, "version": 114}
{"obj": {"type": "LogStrings", "path": ["monitoring", "stderr"], "values": [{"value": "kwargs.pop('config', None)", "step": null, "ts": 1633759815.2320793}]}, "version": 115}
{"obj": {"type": "LogStrings", "path": ["monitoring", "stderr"], "values": [{"value": "\n", "step": null, "ts": 1633759815.232158}]}, "version": 116}
{"obj": {"type": "LogStrings", "path": ["monitoring", "stderr"], "values": [{"value": "  File \"/home/ms/workspace/git/TernaryBERT/transformer/modeling_quant.py\", line 279, in from_pretrained\n", "step": null, "ts": 1633759815.2322419}]}, "version": 117}
{"obj": {"type": "LogStrings", "path": ["monitoring", "stderr"], "values": [{"value": "    ", "step": null, "ts": 1633759815.2324257}]}, "version": 118}
{"obj": {"type": "LogStrings", "path": ["monitoring", "stderr"], "values": [{"value": "kwargs.pop('config', None)", "step": null, "ts": 1633759815.2325063}]}, "version": 119}
{"obj": {"type": "LogStrings", "path": ["monitoring", "stderr"], "values": [{"value": "\n", "step": null, "ts": 1633759815.2325842}]}, "version": 120}
{"obj": {"type": "LogStrings", "path": ["monitoring", "stderr"], "values": [{"value": "  File \"/home/ms/anaconda3/envs/deep/lib/python3.6/bdb.py\", line 51, in trace_dispatch\n", "step": null, "ts": 1633759815.2326636}]}, "version": 121}
{"obj": {"type": "LogStrings", "path": ["monitoring", "stderr"], "values": [{"value": "    ", "step": null, "ts": 1633759815.232817}]}, "version": 122}
{"obj": {"type": "LogStrings", "path": ["monitoring", "stderr"], "values": [{"value": "return self.dispatch_line(frame)", "step": null, "ts": 1633759815.2328973}]}, "version": 123}
{"obj": {"type": "LogStrings", "path": ["monitoring", "stderr"], "values": [{"value": "\n", "step": null, "ts": 1633759815.232974}]}, "version": 124}
{"obj": {"type": "LogStrings", "path": ["monitoring", "stderr"], "values": [{"value": "  File \"/home/ms/anaconda3/envs/deep/lib/python3.6/bdb.py\", line 70, in dispatch_line\n", "step": null, "ts": 1633759815.2330527}]}, "version": 125}
{"obj": {"type": "LogStrings", "path": ["monitoring", "stderr"], "values": [{"value": "    ", "step": null, "ts": 1633759815.2331834}]}, "version": 126}
{"obj": {"type": "LogStrings", "path": ["monitoring", "stderr"], "values": [{"value": "if self.quitting: raise BdbQuit", "step": null, "ts": 1633759815.2332606}]}, "version": 127}
{"obj": {"type": "LogStrings", "path": ["monitoring", "stderr"], "values": [{"value": "\n", "step": null, "ts": 1633759815.2333367}]}, "version": 128}
{"obj": {"type": "LogStrings", "path": ["monitoring", "stderr"], "values": [{"value": "bdb", "step": null, "ts": 1633759815.233415}]}, "version": 129}
{"obj": {"type": "LogStrings", "path": ["monitoring", "stderr"], "values": [{"value": ".", "step": null, "ts": 1633759815.2334867}]}, "version": 130}
{"obj": {"type": "LogStrings", "path": ["monitoring", "stderr"], "values": [{"value": "BdbQuit", "step": null, "ts": 1633759815.2335567}]}, "version": 131}
{"obj": {"type": "LogStrings", "path": ["monitoring", "stderr"], "values": [{"value": "", "step": null, "ts": 1633759815.2336268}]}, "version": 132}
{"obj": {"type": "LogStrings", "path": ["monitoring", "stderr"], "values": [{"value": "\n", "step": null, "ts": 1633759815.2337096}]}, "version": 133}
{"obj": {"type": "LogStrings", "path": ["monitoring", "stdout"], "values": [{"value": "Shutting down background jobs, please wait a moment...\n", "step": null, "ts": 1633759815.2338977}]}, "version": 134}
